#
# There is insufficient memory for the Java Runtime Environment to continue.
# Native memory allocation (malloc) failed to allocate 1464656 bytes. Error detail: Chunk::new
# Possible reasons:
#   The system is out of physical RAM or swap space
#   This process is running with CompressedOops enabled, and the Java Heap may be blocking the growth of the native heap
# Possible solutions:
#   Reduce memory load on the system
#   Increase physical memory or swap space
#   Check if swap backing store is full
#   Decrease Java heap size (-Xmx/-Xms)
#   Decrease number of Java threads
#   Decrease Java thread stack sizes (-Xss)
#   Set larger code cache with -XX:ReservedCodeCacheSize=
#   JVM is running with Unscaled Compressed Oops mode in which the Java heap is
#     placed in the first 4GB address space. The Java Heap base address is the
#     maximum limit for the native heap growth. Please use -XX:HeapBaseMinAddress
#     to set the Java Heap base and to place the Java Heap above 4GB virtual address.
# This output file may be truncated or incomplete.
#
#  Out of Memory Error (arena.cpp:168), pid=14964, tid=8680
#
# JRE version: OpenJDK Runtime Environment Temurin-21.0.6+7 (21.0.6+7) (build 21.0.6+7-LTS)
# Java VM: OpenJDK 64-Bit Server VM Temurin-21.0.6+7 (21.0.6+7-LTS, mixed mode, sharing, tiered, compressed oops, compressed class ptrs, parallel gc, windows-amd64)
# No core dump will be written. Minidumps are not enabled by default on client versions of Windows
#

---------------  S U M M A R Y ------------

Command Line: --add-modules=ALL-SYSTEM --add-opens=java.base/java.util=ALL-UNNAMED --add-opens=java.base/java.lang=ALL-UNNAMED --add-opens=java.base/sun.nio.fs=ALL-UNNAMED -Declipse.application=org.eclipse.jdt.ls.core.id1 -Dosgi.bundles.defaultStartLevel=4 -Declipse.product=org.eclipse.jdt.ls.core.product -Djava.import.generatesMetadataFilesAtProjectRoot=false -DDetectVMInstallationsJob.disabled=true -Dfile.encoding=utf8 -XX:+UseParallelGC -XX:GCTimeRatio=4 -XX:AdaptiveSizePolicyWeight=90 -Dsun.zip.disableMemoryMapping=true -Xmx1G -Xms100m -Xlog:disable -javaagent:c:\Users\TanmoY\.vscode\extensions\redhat.java-1.41.1-win32-x64\lombok\lombok-1.18.36.jar c:\Users\TanmoY\.vscode\extensions\redhat.java-1.41.1-win32-x64\server\plugins\org.eclipse.equinox.launcher_1.7.0.v20250331-1702.jar -configuration c:\Users\TanmoY\AppData\Roaming\Code\User\globalStorage\redhat.java\1.41.1\config_ss_win -data c:\Users\TanmoY\AppData\Roaming\Code\User\workspaceStorage\0ad9ea49bdef66ee65a5e9e19d286977\redhat.java\ss_ws --pipe=\\.\pipe\lsp-11320d6b90b828dbd678e133786cec5a-sock

Host: AMD Ryzen 5 3400G with Radeon Vega Graphics    , 8 cores, 15G,  Windows 10 , 64 bit Build 19041 (10.0.19041.5678)
Time: Sat Apr 26 03:44:39 2025 India Standard Time elapsed time: 2.333996 seconds (0d 0h 0m 2s)

---------------  T H R E A D  ---------------

Current thread (0x0000018bdb181660):  JavaThread "C2 CompilerThread1" daemon [_thread_in_native, id=8680, stack(0x000000642ac00000,0x000000642ad00000) (1024K)]


Current CompileTask:
C2:2334 2394       4       org.eclipse.core.internal.dtree.DataTreeReader::readNode (248 bytes)

Stack: [0x000000642ac00000,0x000000642ad00000]
Native frames: (J=compiled Java code, j=interpreted, Vv=VM code, C=native code)
V  [jvm.dll+0x6cdee9]
V  [jvm.dll+0x8a83d1]
V  [jvm.dll+0x8aa8fe]
V  [jvm.dll+0x8aafe3]
V  [jvm.dll+0x27f706]
V  [jvm.dll+0xc500d]
V  [jvm.dll+0xc5543]
V  [jvm.dll+0x3b6752]
V  [jvm.dll+0x382935]
V  [jvm.dll+0x381d9a]
V  [jvm.dll+0x2479f0]
V  [jvm.dll+0x246fcf]
V  [jvm.dll+0x1c75ee]
V  [jvm.dll+0x25685a]
V  [jvm.dll+0x254dfa]
V  [jvm.dll+0x3f0256]
V  [jvm.dll+0x851f8b]
V  [jvm.dll+0x6cc5ed]
C  [ucrtbase.dll+0x21bb2]
C  [KERNEL32.DLL+0x17374]
C  [ntdll.dll+0x4cc91]


---------------  P R O C E S S  ---------------

Threads class SMR info:
_java_thread_list=0x0000018bdbef0a40, length=19, elements={
0x0000018bfe9f56e0, 0x0000018b942dc0c0, 0x0000018b942dd820, 0x0000018b942df3a0,
0x0000018b942e2160, 0x0000018b942e9890, 0x0000018b942e9f20, 0x0000018b942f6080,
0x0000018b942f6d70, 0x0000018b942ea5b0, 0x0000018bdb181660, 0x0000018b942eb2d0,
0x0000018bdb4c0490, 0x0000018b942ebff0, 0x0000018b942eac40, 0x0000018b942eb960,
0x0000018b942ec680, 0x0000018b942ecd10, 0x0000018bdbf386b0
}

Java Threads: ( => current thread )
  0x0000018bfe9f56e0 JavaThread "main"                              [_thread_blocked, id=13732, stack(0x0000006429f00000,0x000000642a000000) (1024K)]
  0x0000018b942dc0c0 JavaThread "Reference Handler"          daemon [_thread_blocked, id=17208, stack(0x000000642a300000,0x000000642a400000) (1024K)]
  0x0000018b942dd820 JavaThread "Finalizer"                  daemon [_thread_blocked, id=6316, stack(0x000000642a400000,0x000000642a500000) (1024K)]
  0x0000018b942df3a0 JavaThread "Signal Dispatcher"          daemon [_thread_blocked, id=18012, stack(0x000000642a500000,0x000000642a600000) (1024K)]
  0x0000018b942e2160 JavaThread "Attach Listener"            daemon [_thread_blocked, id=18176, stack(0x000000642a600000,0x000000642a700000) (1024K)]
  0x0000018b942e9890 JavaThread "Service Thread"             daemon [_thread_blocked, id=10608, stack(0x000000642a700000,0x000000642a800000) (1024K)]
  0x0000018b942e9f20 JavaThread "Monitor Deflation Thread"   daemon [_thread_blocked, id=14972, stack(0x000000642a800000,0x000000642a900000) (1024K)]
  0x0000018b942f6080 JavaThread "C2 CompilerThread0"         daemon [_thread_blocked, id=16308, stack(0x000000642a900000,0x000000642aa00000) (1024K)]
  0x0000018b942f6d70 JavaThread "C1 CompilerThread0"         daemon [_thread_blocked, id=1308, stack(0x000000642aa00000,0x000000642ab00000) (1024K)]
  0x0000018b942ea5b0 JavaThread "Common-Cleaner"             daemon [_thread_blocked, id=17880, stack(0x000000642ab00000,0x000000642ac00000) (1024K)]
=>0x0000018bdb181660 JavaThread "C2 CompilerThread1"         daemon [_thread_in_native, id=8680, stack(0x000000642ac00000,0x000000642ad00000) (1024K)]
  0x0000018b942eb2d0 JavaThread "Notification Thread"        daemon [_thread_blocked, id=15760, stack(0x000000642ad00000,0x000000642ae00000) (1024K)]
  0x0000018bdb4c0490 JavaThread "C2 CompilerThread2"         daemon [_thread_blocked, id=18484, stack(0x000000642ae00000,0x000000642af00000) (1024K)]
  0x0000018b942ebff0 JavaThread "Active Thread: Equinox Container: b14b37d6-8ad5-49fa-bbf3-73ad6b9d04cc"        [_thread_blocked, id=14904, stack(0x000000642b500000,0x000000642b600000) (1024K)]
  0x0000018b942eac40 JavaThread "Framework Event Dispatcher: Equinox Container: b14b37d6-8ad5-49fa-bbf3-73ad6b9d04cc" daemon [_thread_blocked, id=8220, stack(0x000000642b600000,0x000000642b700000) (1024K)]
  0x0000018b942eb960 JavaThread "Start Level: Equinox Container: b14b37d6-8ad5-49fa-bbf3-73ad6b9d04cc" daemon [_thread_in_Java, id=12312, stack(0x000000642b700000,0x000000642b800000) (1024K)]
  0x0000018b942ec680 JavaThread "SCR Component Actor"        daemon [_thread_blocked, id=1544, stack(0x000000642b800000,0x000000642b900000) (1024K)]
  0x0000018b942ecd10 JavaThread "SCR Component Registry"     daemon [_thread_blocked, id=16776, stack(0x000000642ba00000,0x000000642bb00000) (1024K)]
  0x0000018bdbf386b0 JavaThread "Worker-JM"                         [_thread_blocked, id=14444, stack(0x000000642bb00000,0x000000642bc00000) (1024K)]
Total: 19

Other Threads:
  0x0000018b942d2a90 VMThread "VM Thread"                           [id=17796, stack(0x000000642a200000,0x000000642a300000) (1024K)]
  0x0000018bfea5fbe0 WatcherThread "VM Periodic Task Thread"        [id=7396, stack(0x000000642a100000,0x000000642a200000) (1024K)]
  0x0000018bfea14540 WorkerThread "GC Thread#0"                     [id=7584, stack(0x000000642a000000,0x000000642a100000) (1024K)]
  0x0000018bdb8a0a80 WorkerThread "GC Thread#1"                     [id=16560, stack(0x000000642af00000,0x000000642b000000) (1024K)]
  0x0000018bdb8a1220 WorkerThread "GC Thread#2"                     [id=13364, stack(0x000000642b000000,0x000000642b100000) (1024K)]
  0x0000018bdb8a15c0 WorkerThread "GC Thread#3"                     [id=1012, stack(0x000000642b100000,0x000000642b200000) (1024K)]
  0x0000018bdb446050 WorkerThread "GC Thread#4"                     [id=9012, stack(0x000000642b200000,0x000000642b300000) (1024K)]
  0x0000018bdb4463f0 WorkerThread "GC Thread#5"                     [id=13652, stack(0x000000642b300000,0x000000642b400000) (1024K)]
  0x0000018bdb446790 WorkerThread "GC Thread#6"                     [id=15132, stack(0x000000642b400000,0x000000642b500000) (1024K)]
  0x0000018bdbe5ae00 WorkerThread "GC Thread#7"                     [id=11544, stack(0x000000642b900000,0x000000642ba00000) (1024K)]
Total: 10

Threads with active compile tasks:
C1 CompilerThread0  2361 2469       3       sun.security.provider.SHA::implCompress (13 bytes)
C2 CompilerThread1  2361 2394       4       org.eclipse.core.internal.dtree.DataTreeReader::readNode (248 bytes)
Total: 2

VM state: not at safepoint (normal execution)

VM Mutex/Monitor currently owned by a thread: None

Heap address: 0x00000000c0000000, size: 1024 MB, Compressed Oops mode: 32-bit

CDS archive(s) mapped at: [0x0000018b95000000-0x0000018b95ba0000-0x0000018b95ba0000), size 12189696, SharedBaseAddress: 0x0000018b95000000, ArchiveRelocationMode: 1.
Compressed class space mapped at: 0x0000018b96000000-0x0000018bd6000000, reserved size: 1073741824
Narrow klass base: 0x0000018b95000000, Narrow klass shift: 0, Narrow klass range: 0x100000000

GC Precious Log:
 CardTable entry size: 512
 CPUs: 8 total, 8 available
 Memory: 16284M
 Large Page Support: Disabled
 NUMA Support: Disabled
 Compressed Oops: Enabled (32-bit)
 Alignments: Space 512K, Generation 512K, Heap 2M
 Heap Min Capacity: 100M
 Heap Initial Capacity: 100M
 Heap Max Capacity: 1G
 Pre-touch: Disabled
 Parallel Workers: 8

Heap:
 PSYoungGen      total 29696K, used 26267K [0x00000000eab00000, 0x00000000ecc00000, 0x0000000100000000)
  eden space 25600K, 86% used [0x00000000eab00000,0x00000000ec0abc28,0x00000000ec400000)
  from space 4096K, 99% used [0x00000000ec400000,0x00000000ec7fb310,0x00000000ec800000)
  to   space 4096K, 0% used [0x00000000ec800000,0x00000000ec800000,0x00000000ecc00000)
 ParOldGen       total 68608K, used 2714K [0x00000000c0000000, 0x00000000c4300000, 0x00000000eab00000)
  object space 68608K, 3% used [0x00000000c0000000,0x00000000c02a69f0,0x00000000c4300000)
 Metaspace       used 14700K, committed 15232K, reserved 1114112K
  class space    used 1478K, committed 1728K, reserved 1048576K

Card table byte_map: [0x0000018bfe3d0000,0x0000018bfe5e0000] _byte_map_base: 0x0000018bfddd0000

Marking Bits: (ParMarkBitMap*) 0x00007ff982b43260
 Begin Bits: [0x0000018b92130000, 0x0000018b93130000)
 End Bits:   [0x0000018b93130000, 0x0000018b94130000)

Polling page: 0x0000018bfe1c0000

Metaspace:

Usage:
  Non-class:     12.91 MB used.
      Class:      1.44 MB used.
       Both:     14.36 MB used.

Virtual space:
  Non-class space:       64.00 MB reserved,      13.19 MB ( 21%) committed,  1 nodes.
      Class space:        1.00 GB reserved,       1.69 MB ( <1%) committed,  1 nodes.
             Both:        1.06 GB reserved,      14.88 MB (  1%) committed. 

Chunk freelists:
   Non-Class:  2.45 MB
       Class:  14.33 MB
        Both:  16.78 MB

MaxMetaspaceSize: unlimited
CompressedClassSpaceSize: 1.00 GB
Initial GC threshold: 21.00 MB
Current GC threshold: 21.00 MB
CDS: on
 - commit_granule_bytes: 65536.
 - commit_granule_words: 8192.
 - virtual_space_node_default_size: 8388608.
 - enlarge_chunks_in_place: 1.
 - use_allocation_guard: 0.


Internal statistics:

num_allocs_failed_limit: 0.
num_arena_births: 418.
num_arena_deaths: 0.
num_vsnodes_births: 2.
num_vsnodes_deaths: 0.
num_space_committed: 238.
num_space_uncommitted: 0.
num_chunks_returned_to_freelist: 0.
num_chunks_taken_from_freelist: 933.
num_chunk_merges: 0.
num_chunk_splits: 602.
num_chunks_enlarged: 378.
num_inconsistent_stats: 0.

CodeHeap 'non-profiled nmethods': size=120000Kb used=1076Kb max_used=1076Kb free=118923Kb
 bounds [0x0000018b8ac00000, 0x0000018b8ae70000, 0x0000018b92130000]
CodeHeap 'profiled nmethods': size=120000Kb used=4713Kb max_used=4713Kb free=115286Kb
 bounds [0x0000018b83130000, 0x0000018b835d0000, 0x0000018b8a660000]
CodeHeap 'non-nmethods': size=5760Kb used=1270Kb max_used=1294Kb free=4489Kb
 bounds [0x0000018b8a660000, 0x0000018b8a8d0000, 0x0000018b8ac00000]
 total_blobs=3016 nmethods=2471 adapters=451
 compilation: enabled
              stopped_count=0, restarted_count=0
 full_count=0

Compilation events (20 events):
Event: 2.312 Thread 0x0000018b942f6d70 nmethod 2449 0x0000018b835b8d90 code [0x0000018b835b8fc0, 0x0000018b835b9828]
Event: 2.312 Thread 0x0000018b942f6d70 2450   !   3       java.util.jar.Attributes::read (494 bytes)
Event: 2.315 Thread 0x0000018b942f6d70 nmethod 2450 0x0000018b835b9b90 code [0x0000018b835ba320, 0x0000018b835bdfb0]
Event: 2.315 Thread 0x0000018b942f6d70 2451       3       java.util.jar.Manifest$FastInputStream::peek (38 bytes)
Event: 2.315 Thread 0x0000018b942f6d70 nmethod 2451 0x0000018b835bf910 code [0x0000018b835bfac0, 0x0000018b835bfcd0]
Event: 2.318 Thread 0x0000018b942f6080 nmethod 2448 0x0000018b8ad07590 code [0x0000018b8ad077a0, 0x0000018b8ad07d40]
Event: 2.319 Thread 0x0000018bdb4c0490 nmethod 2447 0x0000018b8ad08090 code [0x0000018b8ad082c0, 0x0000018b8ad08ee0]
Event: 2.321 Thread 0x0000018b942f6d70 2452       3       sun.nio.fs.WindowsPathParser::normalize (233 bytes)
Event: 2.322 Thread 0x0000018bdb4c0490 2455 %     4       java.util.Properties$LineReader::readLine @ 224 (584 bytes)
Event: 2.323 Thread 0x0000018b942f6d70 nmethod 2452 0x0000018b835bfe10 code [0x0000018b835c03c0, 0x0000018b835c2ef0]
Event: 2.323 Thread 0x0000018b942f6d70 2453       3       java.lang.invoke.MethodHandleNatives::isCallerSensitive (29 bytes)
Event: 2.323 Thread 0x0000018b942f6d70 nmethod 2453 0x0000018b835c4110 code [0x0000018b835c4300, 0x0000018b835c4728]
Event: 2.323 Thread 0x0000018b942f6d70 2454       3       java.lang.Module::isExported (18 bytes)
Event: 2.323 Thread 0x0000018b942f6d70 nmethod 2454 0x0000018b835c4890 code [0x0000018b835c4a80, 0x0000018b835c4e78]
Event: 2.324 Thread 0x0000018b942f6d70 2457       3       java.lang.ClassLoader::getPlatformClassLoader (21 bytes)
Event: 2.325 Thread 0x0000018b942f6d70 nmethod 2457 0x0000018b835c5010 code [0x0000018b835c51e0, 0x0000018b835c5470]
Event: 2.325 Thread 0x0000018b942f6d70 2458       3       java.lang.ClassLoader::getBuiltinPlatformClassLoader (4 bytes)
Event: 2.325 Thread 0x0000018b942f6d70 nmethod 2458 0x0000018b835c5590 code [0x0000018b835c5740, 0x0000018b835c5890]
Event: 2.326 Thread 0x0000018b942f6d70 2459       3       java.lang.invoke.LambdaForm$MH/0x0000018b96016000::invoke (25 bytes)
Event: 2.326 Thread 0x0000018b942f6d70 nmethod 2459 0x0000018b835c5910 code [0x0000018b835c5ae0, 0x0000018b835c6020]

GC Heap History (6 events):
Event: 0.871 GC heap before
{Heap before GC invocations=1 (full 0):
 PSYoungGen      total 29696K, used 25600K [0x00000000eab00000, 0x00000000ecc00000, 0x0000000100000000)
  eden space 25600K, 100% used [0x00000000eab00000,0x00000000ec400000,0x00000000ec400000)
  from space 4096K, 0% used [0x00000000ec800000,0x00000000ec800000,0x00000000ecc00000)
  to   space 4096K, 0% used [0x00000000ec400000,0x00000000ec400000,0x00000000ec800000)
 ParOldGen       total 68608K, used 0K [0x00000000c0000000, 0x00000000c4300000, 0x00000000eab00000)
  object space 68608K, 0% used [0x00000000c0000000,0x00000000c0000000,0x00000000c4300000)
 Metaspace       used 4337K, committed 4544K, reserved 1114112K
  class space    used 438K, committed 512K, reserved 1048576K
}
Event: 0.882 GC heap after
{Heap after GC invocations=1 (full 0):
 PSYoungGen      total 29696K, used 3190K [0x00000000eab00000, 0x00000000ecc00000, 0x0000000100000000)
  eden space 25600K, 0% used [0x00000000eab00000,0x00000000eab00000,0x00000000ec400000)
  from space 4096K, 77% used [0x00000000ec400000,0x00000000ec71d800,0x00000000ec800000)
  to   space 4096K, 0% used [0x00000000ec800000,0x00000000ec800000,0x00000000ecc00000)
 ParOldGen       total 68608K, used 16K [0x00000000c0000000, 0x00000000c4300000, 0x00000000eab00000)
  object space 68608K, 0% used [0x00000000c0000000,0x00000000c0004000,0x00000000c4300000)
 Metaspace       used 4337K, committed 4544K, reserved 1114112K
  class space    used 438K, committed 512K, reserved 1048576K
}
Event: 1.543 GC heap before
{Heap before GC invocations=2 (full 0):
 PSYoungGen      total 29696K, used 28790K [0x00000000eab00000, 0x00000000ecc00000, 0x0000000100000000)
  eden space 25600K, 100% used [0x00000000eab00000,0x00000000ec400000,0x00000000ec400000)
  from space 4096K, 77% used [0x00000000ec400000,0x00000000ec71d800,0x00000000ec800000)
  to   space 4096K, 0% used [0x00000000ec800000,0x00000000ec800000,0x00000000ecc00000)
 ParOldGen       total 68608K, used 16K [0x00000000c0000000, 0x00000000c4300000, 0x00000000eab00000)
  object space 68608K, 0% used [0x00000000c0000000,0x00000000c0004000,0x00000000c4300000)
 Metaspace       used 8221K, committed 8512K, reserved 1114112K
  class space    used 816K, committed 960K, reserved 1048576K
}
Event: 1.549 GC heap after
{Heap after GC invocations=2 (full 0):
 PSYoungGen      total 29696K, used 4090K [0x00000000eab00000, 0x00000000ecc00000, 0x0000000100000000)
  eden space 25600K, 0% used [0x00000000eab00000,0x00000000eab00000,0x00000000ec400000)
  from space 4096K, 99% used [0x00000000ec800000,0x00000000ecbfe938,0x00000000ecc00000)
  to   space 4096K, 0% used [0x00000000ec400000,0x00000000ec400000,0x00000000ec800000)
 ParOldGen       total 68608K, used 853K [0x00000000c0000000, 0x00000000c4300000, 0x00000000eab00000)
  object space 68608K, 1% used [0x00000000c0000000,0x00000000c00d56b8,0x00000000c4300000)
 Metaspace       used 8221K, committed 8512K, reserved 1114112K
  class space    used 816K, committed 960K, reserved 1048576K
}
Event: 2.071 GC heap before
{Heap before GC invocations=3 (full 0):
 PSYoungGen      total 29696K, used 29690K [0x00000000eab00000, 0x00000000ecc00000, 0x0000000100000000)
  eden space 25600K, 100% used [0x00000000eab00000,0x00000000ec400000,0x00000000ec400000)
  from space 4096K, 99% used [0x00000000ec800000,0x00000000ecbfe938,0x00000000ecc00000)
  to   space 4096K, 0% used [0x00000000ec400000,0x00000000ec400000,0x00000000ec800000)
 ParOldGen       total 68608K, used 853K [0x00000000c0000000, 0x00000000c4300000, 0x00000000eab00000)
  object space 68608K, 1% used [0x00000000c0000000,0x00000000c00d56b8,0x00000000c4300000)
 Metaspace       used 12990K, committed 13504K, reserved 1114112K
  class space    used 1308K, committed 1536K, reserved 1048576K
}
Event: 2.074 GC heap after
{Heap after GC invocations=3 (full 0):
 PSYoungGen      total 29696K, used 4076K [0x00000000eab00000, 0x00000000ecc00000, 0x0000000100000000)
  eden space 25600K, 0% used [0x00000000eab00000,0x00000000eab00000,0x00000000ec400000)
  from space 4096K, 99% used [0x00000000ec400000,0x00000000ec7fb310,0x00000000ec800000)
  to   space 4096K, 0% used [0x00000000ec800000,0x00000000ec800000,0x00000000ecc00000)
 ParOldGen       total 68608K, used 2714K [0x00000000c0000000, 0x00000000c4300000, 0x00000000eab00000)
  object space 68608K, 3% used [0x00000000c0000000,0x00000000c02a69f0,0x00000000c4300000)
 Metaspace       used 12990K, committed 13504K, reserved 1114112K
  class space    used 1308K, committed 1536K, reserved 1048576K
}

Dll operation events (9 events):
Event: 0.009 Loaded shared library c:\Users\TanmoY\.vscode\extensions\redhat.java-1.41.1-win32-x64\jre\21.0.6-win32-x86_64\bin\java.dll
Event: 0.079 Loaded shared library c:\Users\TanmoY\.vscode\extensions\redhat.java-1.41.1-win32-x64\jre\21.0.6-win32-x86_64\bin\zip.dll
Event: 0.103 Loaded shared library C:\Users\TanmoY\.vscode\extensions\redhat.java-1.41.1-win32-x64\jre\21.0.6-win32-x86_64\bin\instrument.dll
Event: 0.110 Loaded shared library C:\Users\TanmoY\.vscode\extensions\redhat.java-1.41.1-win32-x64\jre\21.0.6-win32-x86_64\bin\net.dll
Event: 0.121 Loaded shared library C:\Users\TanmoY\.vscode\extensions\redhat.java-1.41.1-win32-x64\jre\21.0.6-win32-x86_64\bin\nio.dll
Event: 0.127 Loaded shared library C:\Users\TanmoY\.vscode\extensions\redhat.java-1.41.1-win32-x64\jre\21.0.6-win32-x86_64\bin\zip.dll
Event: 0.150 Loaded shared library C:\Users\TanmoY\.vscode\extensions\redhat.java-1.41.1-win32-x64\jre\21.0.6-win32-x86_64\bin\jimage.dll
Event: 0.247 Loaded shared library c:\Users\TanmoY\.vscode\extensions\redhat.java-1.41.1-win32-x64\jre\21.0.6-win32-x86_64\bin\verify.dll
Event: 1.486 Loaded shared library C:\Users\TanmoY\AppData\Roaming\Code\User\globalStorage\redhat.java\1.41.1\config_ss_win\org.eclipse.equinox.launcher\org.eclipse.equinox.launcher.win32.win32.x86_64_1.2.1300.v20250331-1702\eclipse_11911.dll

Deoptimization events (20 events):
Event: 2.241 Thread 0x0000018b942eb960 Uncommon trap: trap_request=0xffffff45 fr.pc=0x0000018b8acd6ab0 relative=0x0000000000000bb0
Event: 2.241 Thread 0x0000018b942eb960 Uncommon trap: reason=unstable_if action=reinterpret pc=0x0000018b8acd6ab0 method=java.io.DataInputStream.readFully([BII)V @ 37 c2
Event: 2.241 Thread 0x0000018b942eb960 DEOPT PACKING pc=0x0000018b8acd6ab0 sp=0x000000642b7f9410
Event: 2.241 Thread 0x0000018b942eb960 DEOPT UNPACKING pc=0x0000018b8a6b3aa2 sp=0x000000642b7f92d0 mode 2
Event: 2.263 Thread 0x0000018b942eb960 Uncommon trap: trap_request=0xffffff45 fr.pc=0x0000018b8acf0558 relative=0x0000000000000698
Event: 2.264 Thread 0x0000018b942eb960 Uncommon trap: reason=unstable_if action=reinterpret pc=0x0000018b8acf0558 method=java.util.regex.Matcher.search(I)Z @ 30 c2
Event: 2.264 Thread 0x0000018b942eb960 DEOPT PACKING pc=0x0000018b8acf0558 sp=0x000000642b7f7ed0
Event: 2.264 Thread 0x0000018b942eb960 DEOPT UNPACKING pc=0x0000018b8a6b3aa2 sp=0x000000642b7f7eb0 mode 2
Event: 2.265 Thread 0x0000018b942eb960 Uncommon trap: trap_request=0xffffff45 fr.pc=0x0000018b8acb586c relative=0x000000000000004c
Event: 2.265 Thread 0x0000018b942eb960 Uncommon trap: reason=unstable_if action=reinterpret pc=0x0000018b8acb586c method=sun.nio.fs.WindowsPathParser.isSlash(C)Z @ 9 c2
Event: 2.265 Thread 0x0000018b942eb960 DEOPT PACKING pc=0x0000018b8acb586c sp=0x000000642b7f8ea0
Event: 2.265 Thread 0x0000018b942eb960 DEOPT UNPACKING pc=0x0000018b8a6b3aa2 sp=0x000000642b7f8e28 mode 2
Event: 2.269 Thread 0x0000018b942eb960 Uncommon trap: trap_request=0xffffff45 fr.pc=0x0000018b8acfcfbc relative=0x000000000000009c
Event: 2.269 Thread 0x0000018b942eb960 Uncommon trap: reason=unstable_if action=reinterpret pc=0x0000018b8acfcfbc method=org.eclipse.core.runtime.Path.<init>(Ljava/lang/String;[Ljava/lang/String;I)V @ 9 c2
Event: 2.269 Thread 0x0000018b942eb960 DEOPT PACKING pc=0x0000018b8acfcfbc sp=0x000000642b7f93d0
Event: 2.269 Thread 0x0000018b942eb960 DEOPT UNPACKING pc=0x0000018b8a6b3aa2 sp=0x000000642b7f9378 mode 2
Event: 2.302 Thread 0x0000018b942eb960 Uncommon trap: trap_request=0xffffff45 fr.pc=0x0000018b8ac7ad04 relative=0x00000000000005c4
Event: 2.302 Thread 0x0000018b942eb960 Uncommon trap: reason=unstable_if action=reinterpret pc=0x0000018b8ac7ad04 method=java.io.BufferedInputStream.implRead([BII)I @ 55 c2
Event: 2.302 Thread 0x0000018b942eb960 DEOPT PACKING pc=0x0000018b8ac7ad04 sp=0x000000642b7f8d50
Event: 2.302 Thread 0x0000018b942eb960 DEOPT UNPACKING pc=0x0000018b8a6b3aa2 sp=0x000000642b7f8d28 mode 2

Classes loaded (20 events):
Event: 2.292 Loading class com/sun/org/apache/xerces/internal/jaxp/DocumentBuilderFactoryImpl
Event: 2.292 Loading class com/sun/org/apache/xerces/internal/jaxp/DocumentBuilderFactoryImpl done
Event: 2.293 Loading class com/sun/org/apache/xerces/internal/jaxp/DocumentBuilderImpl
Event: 2.293 Loading class javax/xml/parsers/DocumentBuilder
Event: 2.293 Loading class javax/xml/parsers/DocumentBuilder done
Event: 2.293 Loading class com/sun/org/apache/xerces/internal/jaxp/DocumentBuilderImpl done
Event: 2.293 Loading class com/sun/org/apache/xerces/internal/parsers/DOMParser
Event: 2.293 Loading class com/sun/org/apache/xerces/internal/parsers/AbstractDOMParser
Event: 2.294 Loading class com/sun/org/apache/xerces/internal/parsers/AbstractDOMParser done
Event: 2.294 Loading class com/sun/org/apache/xerces/internal/parsers/DOMParser done
Event: 2.324 Loading class jdk/internal/logger/LoggerFinderLoader
Event: 2.324 Loading class jdk/internal/logger/LoggerFinderLoader done
Event: 2.325 Loading class jdk/internal/logger/LoggerFinderLoader$TemporaryLoggerFinder
Event: 2.325 Loading class jdk/internal/logger/LoggerFinderLoader$TemporaryLoggerFinder done
Event: 2.325 Loading class sun/util/logging/internal/LoggingProviderImpl$JULWrapper
Event: 2.325 Loading class sun/util/logging/internal/LoggingProviderImpl$JULWrapper done
Event: 2.329 Loading class java/nio/charset/IllegalCharsetNameException
Event: 2.329 Loading class java/nio/charset/IllegalCharsetNameException done
Event: 2.329 Loading class java/nio/charset/UnsupportedCharsetException
Event: 2.329 Loading class java/nio/charset/UnsupportedCharsetException done

Classes unloaded (0 events):
No events

Classes redefined (0 events):
No events

Internal exceptions (20 events):
Event: 0.950 Thread 0x0000018bfe9f56e0 Exception <a 'java/lang/NoSuchMethodError'{0x00000000eadac9e0}: 'int java.lang.invoke.DirectMethodHandle$Holder.invokeStaticInit(java.lang.Object, java.lang.Object)'> (0x00000000eadac9e0) 
thrown [s\src\hotspot\share\interpreter\linkResolver.cpp, line 773]
Event: 1.003 Thread 0x0000018bfe9f56e0 Exception <a 'java/lang/NoSuchMethodError'{0x00000000eaeeba10}: 'void java.lang.invoke.DirectMethodHandle$Holder.invokeSpecial(java.lang.Object, java.lang.Object, java.lang.Object)'> (0x00000000eaeeba10) 
thrown [s\src\hotspot\share\interpreter\linkResolver.cpp, line 773]
Event: 1.269 Thread 0x0000018bfe9f56e0 Exception <a 'java/lang/NoSuchMethodError'{0x00000000eb790018}: 'int java.lang.invoke.DirectMethodHandle$Holder.invokeVirtual(java.lang.Object, java.lang.Object)'> (0x00000000eb790018) 
thrown [s\src\hotspot\share\interpreter\linkResolver.cpp, line 773]
Event: 1.342 Thread 0x0000018bfe9f56e0 Exception <a 'java/lang/NoSuchMethodError'{0x00000000ebac6178}: 'java.lang.Object java.lang.invoke.DirectMethodHandle$Holder.newInvokeSpecial(java.lang.Object, int, java.lang.Object)'> (0x00000000ebac6178) 
thrown [s\src\hotspot\share\interpreter\linkResolver.cpp, line 773]
Event: 1.369 Thread 0x0000018bfe9f56e0 Exception <a 'java/lang/NoSuchMethodError'{0x00000000ebc59568}: 'java.lang.Object java.lang.invoke.DirectMethodHandle$Holder.newInvokeSpecial(java.lang.Object, java.lang.Object, java.lang.Object, java.lang.Object, int, java.lang.Object)'> (0x00000000ebc59568) 
thrown [s\src\hotspot\share\interpreter\linkResolver.cpp, line 773]
Event: 1.481 Thread 0x0000018bfe9f56e0 Exception <a 'java/lang/UnsatisfiedLinkError'{0x00000000ec0dc088}: 'void org.eclipse.equinox.launcher.JNIBridge._update_splash()'> (0x00000000ec0dc088) 
thrown [s\src\hotspot\share\prims\nativeLookup.cpp, line 415]
Event: 1.561 Thread 0x0000018b942eb960 Exception <a 'java/lang/NullPointerException'{0x00000000eac04880}> (0x00000000eac04880) 
thrown [s\src\hotspot\share\interpreter\linkResolver.cpp, line 1372]
Event: 1.561 Thread 0x0000018b942eb960 Exception <a 'java/lang/NullPointerException'{0x00000000eac04b60}> (0x00000000eac04b60) 
thrown [s\src\hotspot\share\interpreter\linkResolver.cpp, line 1372]
Event: 1.750 Thread 0x0000018b942eb960 Exception <a 'java/io/FileNotFoundException'{0x00000000eb6ce730}> (0x00000000eb6ce730) 
thrown [s\src\hotspot\share\prims\jni.cpp, line 520]
Event: 1.824 Thread 0x0000018b942eb960 Exception <a 'java/lang/NoSuchMethodError'{0x00000000eb99af10}: 'java.lang.Object java.lang.invoke.Invokers$Holder.linkToTargetMethod(java.lang.Object, long, java.lang.Object)'> (0x00000000eb99af10) 
thrown [s\src\hotspot\share\interpreter\linkResolver.cpp, line 773]
Event: 1.897 Thread 0x0000018b942eb960 Exception <a 'java/lang/NoSuchMethodError'{0x00000000ebd324b8}: 'void java.lang.invoke.DirectMethodHandle$Holder.invokeInterface(java.lang.Object, java.lang.Object, java.lang.Object)'> (0x00000000ebd324b8) 
thrown [s\src\hotspot\share\interpreter\linkResolver.cpp, line 773]
Event: 1.937 Thread 0x0000018b942eb960 Exception <a 'java/lang/NoSuchMethodError'{0x00000000ebf2fc08}: 'void java.lang.invoke.Invokers$Holder.invokeExact_MT(java.lang.Object, java.lang.Object, java.lang.Object)'> (0x00000000ebf2fc08) 
thrown [s\src\hotspot\share\interpreter\linkResolver.cpp, line 773]
Event: 2.016 Thread 0x0000018b942eb960 Exception <a 'java/lang/NoSuchMethodError'{0x00000000ec1f54f0}: 'java.lang.Object java.lang.invoke.DirectMethodHandle$Holder.invokeVirtual(java.lang.Object, java.lang.Object, java.lang.Object)'> (0x00000000ec1f54f0) 
thrown [s\src\hotspot\share\interpreter\linkResolver.cpp, line 773]
Event: 2.018 Thread 0x0000018b942eb960 Exception <a 'java/lang/NoSuchMethodError'{0x00000000ec20d768}: 'java.lang.Object java.lang.invoke.DelegatingMethodHandle$Holder.reinvoke_L(java.lang.Object, java.lang.Object, java.lang.Object, java.lang.Object, int, int)'> (0x00000000ec20d768) 
thrown [s\src\hotspot\share\interpreter\linkResolver.cpp, line 773]
Event: 2.020 Thread 0x0000018b942eb960 Exception <a 'java/lang/NoSuchMethodError'{0x00000000ec22a7a0}: 'java.lang.Object java.lang.invoke.DirectMethodHandle$Holder.newInvokeSpecial(java.lang.Object, java.lang.Object, java.lang.Object, java.lang.Object, java.lang.Object, java.lang.Object)'> (0x00000000ec22a7a0) 
thrown [s\src\hotspot\share\interpreter\linkResolver.cpp, line 773]
Event: 2.023 Thread 0x0000018b942eb960 Exception <a 'java/lang/NoSuchMethodError'{0x00000000ec246fa8}: 'void java.lang.invoke.Invokers$Holder.invokeExact_MT(java.lang.Object, java.lang.Object, java.lang.Object, java.lang.Object)'> (0x00000000ec246fa8) 
thrown [s\src\hotspot\share\interpreter\linkResolver.cpp, line 773]
Event: 2.116 Thread 0x0000018b942eb960 Exception <a 'java/io/FileNotFoundException'{0x00000000eae21738}> (0x00000000eae21738) 
thrown [s\src\hotspot\share\prims\jni.cpp, line 520]
Event: 2.116 Thread 0x0000018b942eb960 Exception <a 'java/io/FileNotFoundException'{0x00000000eae28ac0}> (0x00000000eae28ac0) 
thrown [s\src\hotspot\share\prims\jni.cpp, line 520]
Event: 2.225 Thread 0x0000018b942eb960 Exception <a 'java/lang/NoSuchMethodError'{0x00000000ebba3030}: 'java.lang.Object java.lang.invoke.DirectMethodHandle$Holder.newInvokeSpecial(java.lang.Object, java.lang.Object, java.lang.Object, java.lang.Object, java.lang.Object)'> (0x00000000ebba3030) 
thrown [s\src\hotspot\share\interpreter\linkResolver.cpp, line 773]
Event: 2.274 Thread 0x0000018b942eb960 Exception <a 'java/lang/NoSuchMethodError'{0x00000000ebd133b8}: 'java.lang.Object java.lang.invoke.DirectMethodHandle$Holder.invokeStaticInit(java.lang.Object, int)'> (0x00000000ebd133b8) 
thrown [s\src\hotspot\share\interpreter\linkResolver.cpp, line 773]

ZGC Phase Switch (0 events):
No events

VM Operations (20 events):
Event: 1.333 Executing VM operation: HandshakeAllThreads (Deoptimize)
Event: 1.333 Executing VM operation: HandshakeAllThreads (Deoptimize) done
Event: 1.367 Executing VM operation: HandshakeAllThreads (Deoptimize)
Event: 1.367 Executing VM operation: HandshakeAllThreads (Deoptimize) done
Event: 1.543 Executing VM operation: ParallelGCFailedAllocation (Allocation Failure)
Event: 1.549 Executing VM operation: ParallelGCFailedAllocation (Allocation Failure) done
Event: 1.557 Executing VM operation: HandshakeAllThreads (Deoptimize)
Event: 1.557 Executing VM operation: HandshakeAllThreads (Deoptimize) done
Event: 1.652 Executing VM operation: HandshakeAllThreads (Deoptimize)
Event: 1.652 Executing VM operation: HandshakeAllThreads (Deoptimize) done
Event: 1.867 Executing VM operation: HandshakeAllThreads (Deoptimize)
Event: 1.867 Executing VM operation: HandshakeAllThreads (Deoptimize) done
Event: 2.071 Executing VM operation: ParallelGCFailedAllocation (Allocation Failure)
Event: 2.074 Executing VM operation: ParallelGCFailedAllocation (Allocation Failure) done
Event: 2.085 Executing VM operation: HandshakeAllThreads (Deoptimize)
Event: 2.085 Executing VM operation: HandshakeAllThreads (Deoptimize) done
Event: 2.090 Executing VM operation: HandshakeAllThreads (Deoptimize)
Event: 2.090 Executing VM operation: HandshakeAllThreads (Deoptimize) done
Event: 2.108 Executing VM operation: HandshakeAllThreads (Deoptimize)
Event: 2.108 Executing VM operation: HandshakeAllThreads (Deoptimize) done

Memory protections (0 events):
No events

Nmethod flushes (0 events):
No events

Events (19 events):
Event: 0.022 Thread 0x0000018bfe9f56e0 Thread added: 0x0000018bfe9f56e0
Event: 0.039 Thread 0x0000018bfe9f56e0 Thread added: 0x0000018b942dc0c0
Event: 0.039 Thread 0x0000018bfe9f56e0 Thread added: 0x0000018b942dd820
Event: 0.040 Thread 0x0000018bfe9f56e0 Thread added: 0x0000018b942df3a0
Event: 0.040 Thread 0x0000018bfe9f56e0 Thread added: 0x0000018b942e2160
Event: 0.040 Thread 0x0000018bfe9f56e0 Thread added: 0x0000018b942e9890
Event: 0.040 Thread 0x0000018bfe9f56e0 Thread added: 0x0000018b942e9f20
Event: 0.040 Thread 0x0000018bfe9f56e0 Thread added: 0x0000018b942f6080
Event: 0.040 Thread 0x0000018bfe9f56e0 Thread added: 0x0000018b942f6d70
Event: 0.065 Thread 0x0000018bfe9f56e0 Thread added: 0x0000018b942ea5b0
Event: 0.089 Thread 0x0000018b942f6d70 Thread added: 0x0000018bdb181660
Event: 0.369 Thread 0x0000018bfe9f56e0 Thread added: 0x0000018b942eb2d0
Event: 0.477 Thread 0x0000018b942f6080 Thread added: 0x0000018bdb4c0490
Event: 1.311 Thread 0x0000018bfe9f56e0 Thread added: 0x0000018b942ebff0
Event: 1.474 Thread 0x0000018bfe9f56e0 Thread added: 0x0000018b942eac40
Event: 1.479 Thread 0x0000018bfe9f56e0 Thread added: 0x0000018b942eb960
Event: 1.516 Thread 0x0000018b942eb960 Thread added: 0x0000018b942ec680
Event: 1.642 Thread 0x0000018b942eb960 Thread added: 0x0000018b942ecd10
Event: 1.903 Thread 0x0000018b942eb960 Thread added: 0x0000018bdbf386b0


Dynamic libraries:
0x00007ff6eaf80000 - 0x00007ff6eaf8e000 	c:\Users\TanmoY\.vscode\extensions\redhat.java-1.41.1-win32-x64\jre\21.0.6-win32-x86_64\bin\java.exe
0x00007ff9c95b0000 - 0x00007ff9c97a8000 	C:\WINDOWS\SYSTEM32\ntdll.dll
0x00007ff9c75e0000 - 0x00007ff9c76a2000 	C:\WINDOWS\System32\KERNEL32.DLL
0x00007ff9c6e20000 - 0x00007ff9c7116000 	C:\WINDOWS\System32\KERNELBASE.dll
0x00007ff9c7120000 - 0x00007ff9c7220000 	C:\WINDOWS\System32\ucrtbase.dll
0x00007ff9ae810000 - 0x00007ff9ae828000 	c:\Users\TanmoY\.vscode\extensions\redhat.java-1.41.1-win32-x64\jre\21.0.6-win32-x86_64\bin\jli.dll
0x00007ff9c7780000 - 0x00007ff9c791d000 	C:\WINDOWS\System32\USER32.dll
0x00007ff9c72b0000 - 0x00007ff9c72d2000 	C:\WINDOWS\System32\win32u.dll
0x00007ff9c80c0000 - 0x00007ff9c80eb000 	C:\WINDOWS\System32\GDI32.dll
0x00007ff9c7410000 - 0x00007ff9c752a000 	C:\WINDOWS\System32\gdi32full.dll
0x00007ff9c7530000 - 0x00007ff9c75cd000 	C:\WINDOWS\System32\msvcp_win.dll
0x00007ff9ad900000 - 0x00007ff9ad91e000 	c:\Users\TanmoY\.vscode\extensions\redhat.java-1.41.1-win32-x64\jre\21.0.6-win32-x86_64\bin\VCRUNTIME140.dll
0x00007ff9b5f50000 - 0x00007ff9b61ea000 	C:\WINDOWS\WinSxS\amd64_microsoft.windows.common-controls_6595b64144ccf1df_6.0.19041.4355_none_60b8b9eb71f62e16\COMCTL32.dll
0x00007ff9c81d0000 - 0x00007ff9c826e000 	C:\WINDOWS\System32\msvcrt.dll
0x00007ff9c8ba0000 - 0x00007ff9c8bcf000 	C:\WINDOWS\System32\IMM32.DLL
0x00007ff9b4350000 - 0x00007ff9b435c000 	c:\Users\TanmoY\.vscode\extensions\redhat.java-1.41.1-win32-x64\jre\21.0.6-win32-x86_64\bin\vcruntime140_1.dll
0x00007ff98f280000 - 0x00007ff98f30d000 	c:\Users\TanmoY\.vscode\extensions\redhat.java-1.41.1-win32-x64\jre\21.0.6-win32-x86_64\bin\msvcp140.dll
0x00007ff981e90000 - 0x00007ff982c20000 	c:\Users\TanmoY\.vscode\extensions\redhat.java-1.41.1-win32-x64\jre\21.0.6-win32-x86_64\bin\server\jvm.dll
0x00007ff9c82f0000 - 0x00007ff9c839f000 	C:\WINDOWS\System32\ADVAPI32.dll
0x00007ff9c9260000 - 0x00007ff9c92ff000 	C:\WINDOWS\System32\sechost.dll
0x00007ff9c7920000 - 0x00007ff9c7a43000 	C:\WINDOWS\System32\RPCRT4.dll
0x00007ff9c72e0000 - 0x00007ff9c7307000 	C:\WINDOWS\System32\bcrypt.dll
0x00007ff9c8050000 - 0x00007ff9c80bb000 	C:\WINDOWS\System32\WS2_32.dll
0x00007ff9c6180000 - 0x00007ff9c61cb000 	C:\WINDOWS\SYSTEM32\POWRPROF.dll
0x00007ff9b9d90000 - 0x00007ff9b9db7000 	C:\WINDOWS\SYSTEM32\WINMM.dll
0x00007ff9be580000 - 0x00007ff9be58a000 	C:\WINDOWS\SYSTEM32\VERSION.dll
0x00007ff9c6040000 - 0x00007ff9c6052000 	C:\WINDOWS\SYSTEM32\UMPDC.dll
0x00007ff9c4a00000 - 0x00007ff9c4a12000 	C:\WINDOWS\SYSTEM32\kernel.appcore.dll
0x00007ff9aeb10000 - 0x00007ff9aeb1a000 	c:\Users\TanmoY\.vscode\extensions\redhat.java-1.41.1-win32-x64\jre\21.0.6-win32-x86_64\bin\jimage.dll
0x00007ff9b9450000 - 0x00007ff9b9634000 	C:\WINDOWS\SYSTEM32\DBGHELP.DLL
0x00007ff9a80b0000 - 0x00007ff9a80e4000 	C:\WINDOWS\SYSTEM32\dbgcore.DLL
0x00007ff9c7220000 - 0x00007ff9c72a2000 	C:\WINDOWS\System32\bcryptPrimitives.dll
0x00007ff9aea40000 - 0x00007ff9aea4f000 	c:\Users\TanmoY\.vscode\extensions\redhat.java-1.41.1-win32-x64\jre\21.0.6-win32-x86_64\bin\instrument.dll
0x00007ff9ad830000 - 0x00007ff9ad84f000 	c:\Users\TanmoY\.vscode\extensions\redhat.java-1.41.1-win32-x64\jre\21.0.6-win32-x86_64\bin\java.dll
0x00007ff9c83a0000 - 0x00007ff9c8b0f000 	C:\WINDOWS\System32\SHELL32.dll
0x00007ff9c4ce0000 - 0x00007ff9c5483000 	C:\WINDOWS\SYSTEM32\windows.storage.dll
0x00007ff9c8bd0000 - 0x00007ff9c8f25000 	C:\WINDOWS\System32\combase.dll
0x00007ff9c6670000 - 0x00007ff9c669b000 	C:\WINDOWS\SYSTEM32\Wldp.dll
0x00007ff9c76b0000 - 0x00007ff9c777d000 	C:\WINDOWS\System32\OLEAUT32.dll
0x00007ff9c8f30000 - 0x00007ff9c8fdd000 	C:\WINDOWS\System32\SHCORE.dll
0x00007ff9c7ff0000 - 0x00007ff9c8045000 	C:\WINDOWS\System32\shlwapi.dll
0x00007ff9c6b70000 - 0x00007ff9c6b95000 	C:\WINDOWS\SYSTEM32\profapi.dll
0x00007ff9a2a50000 - 0x00007ff9a2a68000 	c:\Users\TanmoY\.vscode\extensions\redhat.java-1.41.1-win32-x64\jre\21.0.6-win32-x86_64\bin\zip.dll
0x00007ff9ae7e0000 - 0x00007ff9ae7f0000 	C:\Users\TanmoY\.vscode\extensions\redhat.java-1.41.1-win32-x64\jre\21.0.6-win32-x86_64\bin\net.dll
0x00007ff9c1430000 - 0x00007ff9c153a000 	C:\WINDOWS\SYSTEM32\WINHTTP.dll
0x00007ff9c63d0000 - 0x00007ff9c643c000 	C:\WINDOWS\system32\mswsock.dll
0x00007ff9a1530000 - 0x00007ff9a1546000 	C:\Users\TanmoY\.vscode\extensions\redhat.java-1.41.1-win32-x64\jre\21.0.6-win32-x86_64\bin\nio.dll
0x00007ff9ad7f0000 - 0x00007ff9ad800000 	c:\Users\TanmoY\.vscode\extensions\redhat.java-1.41.1-win32-x64\jre\21.0.6-win32-x86_64\bin\verify.dll
0x00007ff99bc20000 - 0x00007ff99bc65000 	C:\Users\TanmoY\AppData\Roaming\Code\User\globalStorage\redhat.java\1.41.1\config_ss_win\org.eclipse.equinox.launcher\org.eclipse.equinox.launcher.win32.win32.x86_64_1.2.1300.v20250331-1702\eclipse_11911.dll
0x00007ff9c9440000 - 0x00007ff9c956b000 	C:\WINDOWS\System32\ole32.dll
0x00007ff9c65c0000 - 0x00007ff9c65d8000 	C:\WINDOWS\SYSTEM32\CRYPTSP.dll
0x00007ff9c5c80000 - 0x00007ff9c5cb8000 	C:\WINDOWS\system32\rsaenh.dll
0x00007ff9c6af0000 - 0x00007ff9c6b1e000 	C:\WINDOWS\SYSTEM32\USERENV.dll
0x00007ff9c65e0000 - 0x00007ff9c65ec000 	C:\WINDOWS\SYSTEM32\CRYPTBASE.dll
0x00007ff9c6060000 - 0x00007ff9c609b000 	C:\WINDOWS\SYSTEM32\IPHLPAPI.DLL
0x00007ff9c7f30000 - 0x00007ff9c7f38000 	C:\WINDOWS\System32\NSI.dll

dbghelp: loaded successfully - version: 4.0.5 - missing functions: none
symbol engine: initialized successfully - sym options: 0x614 - pdb path: .;c:\Users\TanmoY\.vscode\extensions\redhat.java-1.41.1-win32-x64\jre\21.0.6-win32-x86_64\bin;C:\WINDOWS\SYSTEM32;C:\WINDOWS\WinSxS\amd64_microsoft.windows.common-controls_6595b64144ccf1df_6.0.19041.4355_none_60b8b9eb71f62e16;c:\Users\TanmoY\.vscode\extensions\redhat.java-1.41.1-win32-x64\jre\21.0.6-win32-x86_64\bin\server;C:\Users\TanmoY\AppData\Roaming\Code\User\globalStorage\redhat.java\1.41.1\config_ss_win\org.eclipse.equinox.launcher\org.eclipse.equinox.launcher.win32.win32.x86_64_1.2.1300.v20250331-1702

VM Arguments:
jvm_args: --add-modules=ALL-SYSTEM --add-opens=java.base/java.util=ALL-UNNAMED --add-opens=java.base/java.lang=ALL-UNNAMED --add-opens=java.base/sun.nio.fs=ALL-UNNAMED -Declipse.application=org.eclipse.jdt.ls.core.id1 -Dosgi.bundles.defaultStartLevel=4 -Declipse.product=org.eclipse.jdt.ls.core.product -Djava.import.generatesMetadataFilesAtProjectRoot=false -DDetectVMInstallationsJob.disabled=true -Dfile.encoding=utf8 -XX:+UseParallelGC -XX:GCTimeRatio=4 -XX:AdaptiveSizePolicyWeight=90 -Dsun.zip.disableMemoryMapping=true -Xmx1G -Xms100m -Xlog:disable -javaagent:c:\Users\TanmoY\.vscode\extensions\redhat.java-1.41.1-win32-x64\lombok\lombok-1.18.36.jar 
java_command: c:\Users\TanmoY\.vscode\extensions\redhat.java-1.41.1-win32-x64\server\plugins\org.eclipse.equinox.launcher_1.7.0.v20250331-1702.jar -configuration c:\Users\TanmoY\AppData\Roaming\Code\User\globalStorage\redhat.java\1.41.1\config_ss_win -data c:\Users\TanmoY\AppData\Roaming\Code\User\workspaceStorage\0ad9ea49bdef66ee65a5e9e19d286977\redhat.java\ss_ws --pipe=\\.\pipe\lsp-11320d6b90b828dbd678e133786cec5a-sock
java_class_path (initial): c:\Users\TanmoY\.vscode\extensions\redhat.java-1.41.1-win32-x64\server\plugins\org.eclipse.equinox.launcher_1.7.0.v20250331-1702.jar
Launcher Type: SUN_STANDARD

[Global flags]
    uintx AdaptiveSizePolicyWeight                 = 90                                        {product} {command line}
     intx CICompilerCount                          = 4                                         {product} {ergonomic}
    uintx GCTimeRatio                              = 4                                         {product} {command line}
   size_t InitialHeapSize                          = 104857600                                 {product} {command line}
   size_t MaxHeapSize                              = 1073741824                                {product} {command line}
   size_t MaxNewSize                               = 357564416                                 {product} {ergonomic}
   size_t MinHeapDeltaBytes                        = 524288                                    {product} {ergonomic}
   size_t MinHeapSize                              = 104857600                                 {product} {command line}
   size_t NewSize                                  = 34603008                                  {product} {ergonomic}
    uintx NonNMethodCodeHeapSize                   = 5839372                                {pd product} {ergonomic}
    uintx NonProfiledCodeHeapSize                  = 122909434                              {pd product} {ergonomic}
   size_t OldSize                                  = 70254592                                  {product} {ergonomic}
    uintx ProfiledCodeHeapSize                     = 122909434                              {pd product} {ergonomic}
    uintx ReservedCodeCacheSize                    = 251658240                              {pd product} {ergonomic}
     bool SegmentedCodeCache                       = true                                      {product} {ergonomic}
   size_t SoftMaxHeapSize                          = 1073741824                             {manageable} {ergonomic}
     bool UseCompressedOops                        = true                           {product lp64_product} {ergonomic}
     bool UseLargePagesIndividualAllocation        = false                                  {pd product} {ergonomic}
     bool UseParallelGC                            = true                                      {product} {command line}

Logging:
Log output configuration:
 #0: stdout all=off uptime,level,tags foldmultilines=false
 #1: stderr all=off uptime,level,tags foldmultilines=false

Environment Variables:
JAVA_HOME=C:\Program Files\.jdks\ms-17.0.15
PATH=C:\Program Files (x86)\Common Files\Intel\Shared Libraries\redist\intel64\compiler;C:\Users\TanmoY\AppData\Local\Programs\Python\Python310\Scripts\;C:\Users\TanmoY\AppData\Local\Programs\Python\Python310\;C:\WINDOWS\system32;C:\WINDOWS;C:\WINDOWS\System32\Wbem;C:\WINDOWS\System32\WindowsPowerShell\v1.0\;C:\WINDOWS\System32\OpenSSH\;C:\ProgramData\chocolatey\bin;F:\Git\cmd;C:\Program Files\nodejs\;C:\Program Files\.jdks\ms-17.0.15\bin;C:\Users\TanmoY\AppData\Local\Microsoft\WindowsApps;H:\Vs\Microsoft VS Code\bin;C:\src\flutter\bin;C:\Users\TanmoY\AppData\Roaming\npm; C:\Program Files\Apache\Maven\apache-maven-3.9.9\bin;
USERNAME=TanmoY
OS=Windows_NT
PROCESSOR_IDENTIFIER=AMD64 Family 23 Model 24 Stepping 1, AuthenticAMD
TMP=C:\Users\TanmoY\AppData\Local\Temp
TEMP=C:\Users\TanmoY\AppData\Local\Temp




Periodic native trim disabled

---------------  S Y S T E M  ---------------

OS:
 Windows 10 , 64 bit Build 19041 (10.0.19041.5678)
OS uptime: 0 days 7:41 hours

CPU: total 8 (initial active 8) (8 cores per cpu, 2 threads per core) family 23 model 24 stepping 1 microcode 0x0, cx8, cmov, fxsr, ht, mmx, 3dnowpref, sse, sse2, sse3, ssse3, sse4a, sse4.1, sse4.2, popcnt, lzcnt, tsc, tscinvbit, avx, avx2, aes, clmul, bmi1, bmi2, adx, sha, fma, vzeroupper, clflush, clflushopt, rdtscp, f16c
Processor Information for the first 8 processors :
  Max Mhz: 3700, Current Mhz: 3700, Mhz Limit: 3700

Memory: 4k page, system-wide physical 16284M (3467M free)
TotalPageFile size 21463M (AvailPageFile size 1M)
current process WorkingSet (physical memory assigned to process): 120M, peak: 120M
current process commit charge ("private bytes"): 229M, peak: 229M

vm_info: OpenJDK 64-Bit Server VM (21.0.6+7-LTS) for windows-amd64 JRE (21.0.6+7-LTS), built on 2025-01-21T00:00:00Z by "admin" with MS VC++ 17.7 (VS2022)

END.
