2025.04.28 22:43:38 INFO  Started: Metals version 1.5.2+77-3a33937e-SNAPSHOT in folders 'C:\Users\TanmoY\Desktop\cimba' for client Visual Studio Code 1.99.3.
2025.04.28 22:48:38 INFO  no build target found for C:\Users\TanmoY\Desktop\cimba\spring-scala-project\backendcim\src\main\java\com\cimback\simba\config\LoggingConfig.java. Using fallback presentation compiler.
2025.04.28 22:48:38 INFO  no build target found for C:\Users\TanmoY\Desktop\cimba\spring-scala-project\backendcim\src\main\java\com\cimback\simba\config\LoggingConfig.java. Using fallback presentation compiler.
2025.04.28 22:48:38 INFO  no build target found for C:\Users\TanmoY\Desktop\cimba\spring-scala-project\backendcim\src\main\java\com\cimback\simba\config\LoggingConfig.java. Using fallback presentation compiler.
2025.04.28 22:48:40 INFO  no build target found for C:\Users\TanmoY\Desktop\cimba\spring-scala-project\backendcim\src\main\java\com\cimback\simba\config\LoggingConfig.java. Using fallback presentation compiler.
2025.04.28 22:48:48 INFO  no build target found for C:\Users\TanmoY\Desktop\cimba\spring-scala-project\backendcim\src\main\java\com\cimback\simba\config\LoggingConfig.java. Using fallback presentation compiler.
2025.04.28 22:48:48 INFO  no build target found for C:\Users\TanmoY\Desktop\cimba\spring-scala-project\backendcim\src\main\java\com\cimback\simba\controller\UserController.java. Using fallback presentation compiler.
2025.04.28 22:48:48 INFO  no build target found for C:\Users\TanmoY\Desktop\cimba\spring-scala-project\backendcim\src\main\java\com\cimback\simba\controller\UserController.java. Using fallback presentation compiler.
Apr 28, 2025 10:48:48 PM org.eclipse.lsp4j.jsonrpc.RemoteEndpoint handleCancellation
WARNING: Unmatched cancel notification for request id 11
2025.04.28 22:48:48 INFO  no build target found for C:\Users\TanmoY\Desktop\cimba\spring-scala-project\backendcim\src\main\java\com\cimback\simba\controller\UserController.java. Using fallback presentation compiler.
2025.04.28 22:48:50 INFO  no build target found for C:\Users\TanmoY\Desktop\cimba\spring-scala-project\backendcim\src\main\java\com\cimback\simba\controller\UserController.java. Using fallback presentation compiler.
2025.04.28 22:48:50 INFO  no build target found for C:\Users\TanmoY\Desktop\cimba\spring-scala-project\backendcim\src\main\java\com\cimback\simba\controller\UserController.java. Using fallback presentation compiler.
2025.04.28 22:48:50 INFO  no build target found for C:\Users\TanmoY\Desktop\cimba\spring-scala-project\backendcim\src\main\java\com\cimback\simba\controller\UserController.java. Using fallback presentation compiler.
2025.04.28 22:48:50 INFO  no build target found for C:\Users\TanmoY\Desktop\cimba\spring-scala-project\backendcim\src\main\java\com\cimback\simba\controller\UserController.java. Using fallback presentation compiler.
2025.04.28 22:48:50 INFO  no build target found for C:\Users\TanmoY\Desktop\cimba\spring-scala-project\backendcim\src\main\java\com\cimback\simba\controller\UserController.java. Using fallback presentation compiler.
2025.04.28 22:49:32 INFO  no build target found for C:\Users\TanmoY\Desktop\cimba\spring-scala-project\backendcim\src\main\java\com\cimback\simba\controller\UserController.java. Using fallback presentation compiler.
2025.04.28 22:49:32 INFO  no build target found for C:\Users\TanmoY\Desktop\cimba\spring-scala-project\backendcim\src\main\java\com\cimback\simba\repo\SummaryRepo.java. Using fallback presentation compiler.
2025.04.28 22:49:32 INFO  no build target found for C:\Users\TanmoY\Desktop\cimba\spring-scala-project\backendcim\src\main\java\com\cimback\simba\repo\SummaryRepo.java. Using fallback presentation compiler.
2025.04.28 22:50:06 INFO  no build target found for C:\Users\TanmoY\Desktop\cimba\spring-scala-project\backendcim\src\main\java\com\cimback\simba\repo\SummaryRepo.java. Using fallback presentation compiler.
2025.04.28 22:50:06 INFO  no build target found for C:\Users\TanmoY\Desktop\cimba\spring-scala-project\backendcim\src\main\java\com\cimback\simba\repo\UserRepo.java. Using fallback presentation compiler.
2025.04.28 22:50:06 INFO  no build target found for C:\Users\TanmoY\Desktop\cimba\spring-scala-project\backendcim\src\main\java\com\cimback\simba\repo\UserRepo.java. Using fallback presentation compiler.
2025.04.28 22:50:08 INFO  no build target found for C:\Users\TanmoY\Desktop\cimba\spring-scala-project\backendcim\src\main\java\com\cimback\simba\repo\UserRepo.java. Using fallback presentation compiler.
2025.04.28 22:50:08 INFO  no build target found for C:\Users\TanmoY\Desktop\cimba\spring-scala-project\backendcim\src\main\java\com\cimback\simba\repo\SummaryRepo.java. Using fallback presentation compiler.
2025.04.28 22:50:08 INFO  no build target found for C:\Users\TanmoY\Desktop\cimba\spring-scala-project\backendcim\src\main\java\com\cimback\simba\repo\SummaryRepo.java. Using fallback presentation compiler.
2025.04.28 22:54:11 INFO  no build target found for C:\Users\TanmoY\Desktop\cimba\spring-scala-project\backendcim\src\main\java\com\cimback\simba\repo\SummaryRepo.java. Using fallback presentation compiler.
2025.04.28 22:54:11 INFO  no build target found for C:\Users\TanmoY\Desktop\cimba\spring-scala-project\scala-lib-cim\src\main\scala\com\cimback\simba\logging\ApiLogger.scala. Using presentation compiler with project's scala-library version: 3.3.5
2025.04.28 22:54:14 INFO  no build target found for C:\Users\TanmoY\Desktop\cimba\spring-scala-project\scala-lib-cim\src\main\scala\com\cimback\simba\logging\ApiLogger.scala. Using presentation compiler with project's scala-library version: 3.3.5
2025.04.28 22:54:15 INFO  no build target found for C:\Users\TanmoY\Desktop\cimba\spring-scala-project\scala-lib-cim\src\main\scala\com\cimback\simba\logging\ApiLogger.scala. Using presentation compiler with project's scala-library version: 3.3.5
2025.04.28 22:54:15 INFO  no build target found for C:\Users\TanmoY\Desktop\cimba\spring-scala-project\scala-lib-cim\src\main\scala\com\cimback\simba\logging\ApiLogger.scala. Using presentation compiler with project's scala-library version: 3.3.5
2025.04.28 22:54:18 INFO  no build target found for C:\Users\TanmoY\Desktop\cimba\spring-scala-project\scala-lib-cim\src\main\scala\com\cimback\simba\logging\ApiLogger.scala. Using presentation compiler with project's scala-library version: 3.3.5
2025.04.28 22:54:18 INFO  no build target found for C:\Users\TanmoY\Desktop\cimba\spring-scala-project\scala-lib-cim\src\main\scala\com\cimback\simba\logging\ApiLogger.scala. Using presentation compiler with project's scala-library version: 3.3.5
2025.04.28 22:54:20 INFO  no build target found for C:\Users\TanmoY\Desktop\cimba\spring-scala-project\scala-lib-cim\src\main\scala\com\cimback\simba\logging\ApiLogger.scala. Using presentation compiler with project's scala-library version: 3.3.5
2025.04.28 22:54:20 INFO  no build target found for C:\Users\TanmoY\Desktop\cimba\spring-scala-project\scala-lib-cim\src\main\scala\com\cimback\simba\logging\ApiLogger.scala. Using presentation compiler with project's scala-library version: 3.3.5
2025.04.28 22:54:21 INFO  no build target found for C:\Users\TanmoY\Desktop\cimba\spring-scala-project\scala-lib-cim\src\main\scala\com\cimback\simba\logging\ApiLogger.scala. Using presentation compiler with project's scala-library version: 3.3.5
2025.04.28 22:54:22 INFO  no build target found for C:\Users\TanmoY\Desktop\cimba\spring-scala-project\scala-lib-cim\src\main\scala\com\cimback\simba\logging\ApiLogger.scala. Using presentation compiler with project's scala-library version: 3.3.5
2025.04.28 22:54:22 INFO  no build target found for C:\Users\TanmoY\Desktop\cimba\spring-scala-project\scala-lib-cim\src\main\scala\com\cimback\simba\logging\ApiLogger.scala. Using presentation compiler with project's scala-library version: 3.3.5
2025.04.28 22:54:22 INFO  no build target found for C:\Users\TanmoY\Desktop\cimba\spring-scala-project\scala-lib-cim\src\main\scala\com\cimback\simba\logging\ApiLogger.scala. Using presentation compiler with project's scala-library version: 3.3.5
2025.04.28 22:54:22 INFO  no build target found for C:\Users\TanmoY\Desktop\cimba\spring-scala-project\scala-lib-cim\src\main\scala\com\cimback\simba\logging\ApiLogger.scala. Using presentation compiler with project's scala-library version: 3.3.5
2025.04.28 22:54:22 INFO  no build target found for C:\Users\TanmoY\Desktop\cimba\spring-scala-project\scala-lib-cim\src\main\scala\com\cimback\simba\logging\ApiLogger.scala. Using presentation compiler with project's scala-library version: 3.3.5
2025.04.28 22:54:22 INFO  no build target found for C:\Users\TanmoY\Desktop\cimba\spring-scala-project\scala-lib-cim\src\main\scala\com\cimback\simba\logging\ApiLogger.scala. Using presentation compiler with project's scala-library version: 3.3.5
2025.04.28 22:54:24 INFO  no build target found for C:\Users\TanmoY\Desktop\cimba\spring-scala-project\scala-lib-cim\src\main\scala\com\cimback\simba\logging\ApiLogger.scala. Using presentation compiler with project's scala-library version: 3.3.5
2025.04.28 22:56:21 INFO  no build target found for C:\Users\TanmoY\Desktop\cimba\spring-scala-project\scala-lib-cim\src\main\scala\com\cimback\simba\logging\ApiLogger.scala. Using presentation compiler with project's scala-library version: 3.3.5
2025.04.28 22:56:21 INFO  no build target found for C:\Users\TanmoY\Desktop\cimba\spring-scala-project\scala-lib-cim\src\main\scala\com\cimback\simba\logging\ApiLogger.scala. Using presentation compiler with project's scala-library version: 3.3.5
2025.04.28 22:56:22 INFO  no build target found for C:\Users\TanmoY\Desktop\cimba\spring-scala-project\scala-lib-cim\src\main\scala\com\cimback\simba\logging\ApiLogger.scala. Using presentation compiler with project's scala-library version: 3.3.5
2025.04.28 22:56:24 INFO  no build target found for C:\Users\TanmoY\Desktop\cimba\spring-scala-project\scala-lib-cim\src\main\scala\com\cimback\simba\logging\ApiLogger.scala. Using presentation compiler with project's scala-library version: 3.3.5
2025.04.28 22:56:24 INFO  no build target found for C:\Users\TanmoY\Desktop\cimba\spring-scala-project\scala-lib-cim\src\main\scala\com\cimback\simba\logging\ApiLogger.scala. Using presentation compiler with project's scala-library version: 3.3.5
2025.04.28 22:56:24 INFO  no build target found for C:\Users\TanmoY\Desktop\cimba\spring-scala-project\scala-lib-cim\src\main\scala\com\cimback\simba\logging\ApiLogger.scala. Using presentation compiler with project's scala-library version: 3.3.5
2025.04.28 22:56:29 INFO  no build target found for C:\Users\TanmoY\Desktop\cimba\spring-scala-project\scala-lib-cim\src\main\scala\com\cimback\simba\logging\ApiLogger.scala. Using presentation compiler with project's scala-library version: 3.3.5
2025.04.28 22:56:30 INFO  no build target found for C:\Users\TanmoY\Desktop\cimba\spring-scala-project\scala-lib-cim\src\main\scala\com\cimback\simba\logging\ApiLogger.scala. Using presentation compiler with project's scala-library version: 3.3.5
2025.04.28 22:56:42 INFO  no build target found for C:\Users\TanmoY\Desktop\cimba\spring-scala-project\scala-lib-cim\src\main\scala\com\cimback\simba\logging\ApiLogger.scala. Using presentation compiler with project's scala-library version: 3.3.5
2025.04.28 22:56:42 INFO  no build target found for C:\Users\TanmoY\Desktop\cimba\spring-scala-project\scala-lib-cim\src\main\scala\com\cimback\simba\logging\ApiLogger.scala. Using presentation compiler with project's scala-library version: 3.3.5
2025.04.28 22:56:42 INFO  no build target found for C:\Users\TanmoY\Desktop\cimba\spring-scala-project\scala-lib-cim\src\main\scala\com\cimback\simba\logging\ApiLogger.scala. Using presentation compiler with project's scala-library version: 3.3.5
2025.04.28 22:56:43 INFO  no build target found for C:\Users\TanmoY\Desktop\cimba\spring-scala-project\scala-lib-cim\src\main\scala\com\cimback\simba\logging\ApiLogger.scala. Using presentation compiler with project's scala-library version: 3.3.5
2025.04.28 22:56:43 INFO  no build target found for C:\Users\TanmoY\Desktop\cimba\spring-scala-project\scala-lib-cim\src\main\scala\com\cimback\simba\logging\ApiLogger.scala. Using presentation compiler with project's scala-library version: 3.3.5
2025.04.28 22:56:44 INFO  no build target found for C:\Users\TanmoY\Desktop\cimba\spring-scala-project\scala-lib-cim\src\main\scala\com\cimback\simba\logging\ApiLogger.scala. Using presentation compiler with project's scala-library version: 3.3.5
2025.04.28 23:01:34 INFO  no build target found for C:\Users\TanmoY\Desktop\cimba\spring-scala-project\scala-lib-cim\src\main\scala\com\cimback\simba\logging\ApiLogger.scala. Using presentation compiler with project's scala-library version: 3.3.5
2025.04.28 23:01:35 INFO  no build target found for C:\Users\TanmoY\Desktop\cimba\spring-scala-project\scala-lib-cim\src\main\scala\com\cimback\simba\logging\ApiLogger.scala. Using presentation compiler with project's scala-library version: 3.3.5
2025.04.28 23:01:37 INFO  no build target found for C:\Users\TanmoY\Desktop\cimba\spring-scala-project\scala-lib-cim\src\main\scala\com\cimback\simba\logging\ApiLogger.scala. Using presentation compiler with project's scala-library version: 3.3.5
2025.04.28 23:01:37 INFO  no build target found for C:\Users\TanmoY\Desktop\cimba\spring-scala-project\scala-lib-cim\src\main\scala\com\cimback\simba\logging\ApiLogger.scala. Using presentation compiler with project's scala-library version: 3.3.5
2025.04.28 23:01:39 INFO  no build target found for C:\Users\TanmoY\Desktop\cimba\spring-scala-project\scala-lib-cim\src\main\scala\com\cimback\simba\logging\ApiLogger.scala. Using presentation compiler with project's scala-library version: 3.3.5
2025.04.28 23:01:52 INFO  no build target found for C:\Users\TanmoY\Desktop\cimba\spring-scala-project\scala-lib-cim\src\main\scala\com\cimback\simba\logging\ApiLogger.scala. Using presentation compiler with project's scala-library version: 3.3.5
2025.04.28 23:01:58 INFO  no build target found for C:\Users\TanmoY\Desktop\cimba\spring-scala-project\scala-lib-cim\src\main\scala\com\cimback\simba\logging\ApiLogger.scala. Using presentation compiler with project's scala-library version: 3.3.5
2025.04.28 23:02:12 INFO  no build target found for C:\Users\TanmoY\Desktop\cimba\spring-scala-project\scala-lib-cim\src\main\scala\com\cimback\simba\logging\ApiLogger.scala. Using presentation compiler with project's scala-library version: 3.3.5
2025.04.28 23:02:12 INFO  no build target found for C:\Users\TanmoY\Desktop\cimba\spring-scala-project\backendcim\src\main\java\com\cimback\simba\repo\UserRepo.java. Using fallback presentation compiler.
2025.04.28 23:02:12 INFO  no build target found for C:\Users\TanmoY\Desktop\cimba\spring-scala-project\backendcim\src\main\java\com\cimback\simba\repo\UserRepo.java. Using fallback presentation compiler.
2025.04.28 23:02:14 INFO  no build target found for C:\Users\TanmoY\Desktop\cimba\spring-scala-project\backendcim\src\main\java\com\cimback\simba\repo\UserRepo.java. Using fallback presentation compiler.
2025.04.28 23:02:16 INFO  no build target found for C:\Users\TanmoY\Desktop\cimba\spring-scala-project\backendcim\src\main\java\com\cimback\simba\repo\UserRepo.java. Using fallback presentation compiler.
2025.04.28 23:02:33 INFO  no build target found for C:\Users\TanmoY\Desktop\cimba\spring-scala-project\backendcim\src\main\java\com\cimback\simba\repo\UserRepo.java. Using fallback presentation compiler.
2025.04.28 23:26:48 INFO  no build target found for C:\Users\TanmoY\Desktop\cimba\spring-scala-project\scala-lib-cim\src\main\scala\com\cimback\simba\logging\ApiLogger.scala. Using presentation compiler with project's scala-library version: 3.3.5
2025.04.28 23:26:48 INFO  no build target found for C:\Users\TanmoY\Desktop\cimba\spring-scala-project\scala-lib-cim\src\main\scala\com\cimback\simba\logging\ApiLogger.scala. Using presentation compiler with project's scala-library version: 3.3.5
2025.04.28 23:26:48 INFO  no build target found for C:\Users\TanmoY\Desktop\cimba\spring-scala-project\scala-lib-cim\src\main\scala\com\cimback\simba\logging\ApiLogger.scala. Using presentation compiler with project's scala-library version: 3.3.5
2025.04.28 23:26:50 INFO  no build target found for C:\Users\TanmoY\Desktop\cimba\spring-scala-project\scala-lib-cim\src\main\scala\com\cimback\simba\logging\ApiLogger.scala. Using presentation compiler with project's scala-library version: 3.3.5
2025.04.28 23:26:53 INFO  no build target found for C:\Users\TanmoY\Desktop\cimba\spring-scala-project\scala-lib-cim\src\main\scala\com\cimback\simba\logging\ApiLogger.scala. Using presentation compiler with project's scala-library version: 3.3.5
2025.04.28 23:26:54 INFO  no build target found for C:\Users\TanmoY\Desktop\cimba\spring-scala-project\scala-lib-cim\src\main\scala\com\cimback\simba\logging\ApiLogger.scala. Using presentation compiler with project's scala-library version: 3.3.5
2025.04.28 23:27:12 INFO  no build target found for C:\Users\TanmoY\Desktop\cimba\spring-scala-project\scala-lib-cim\src\main\scala\com\cimback\simba\logging\ApiLogger.scala. Using presentation compiler with project's scala-library version: 3.3.5
2025.04.28 23:28:01 INFO  no build target found for C:\Users\TanmoY\Desktop\cimba\spring-scala-project\scala-lib-cim\src\main\scala\com\cimback\simba\logging\ApiLogger.scala. Using presentation compiler with project's scala-library version: 3.3.5
2025.04.28 23:28:03 INFO  no build target found for C:\Users\TanmoY\Desktop\cimba\spring-scala-project\scala-lib-cim\src\main\scala\com\cimback\simba\logging\ApiLogger.scala. Using presentation compiler with project's scala-library version: 3.3.5
2025.04.28 23:28:08 INFO  no build target found for C:\Users\TanmoY\Desktop\cimba\spring-scala-project\scala-lib-cim\src\main\scala\com\cimback\simba\logging\ApiLogger.scala. Using presentation compiler with project's scala-library version: 3.3.5
2025.04.28 23:28:08 INFO  no build target found for C:\Users\TanmoY\Desktop\cimba\spring-scala-project\scala-lib-cim\src\main\scala\com\cimback\simba\logging\ApiLogger.scala. Using presentation compiler with project's scala-library version: 3.3.5
2025.04.28 23:28:12 INFO  no build target found for C:\Users\TanmoY\Desktop\cimba\spring-scala-project\scala-lib-cim\src\main\scala\com\cimback\simba\logging\ApiLogger.scala. Using presentation compiler with project's scala-library version: 3.3.5
2025.04.28 23:29:37 INFO  no build target found for C:\Users\TanmoY\Desktop\cimba\spring-scala-project\scala-lib-cim\src\main\scala\com\cimback\simba\logging\ApiLogger.scala. Using presentation compiler with project's scala-library version: 3.3.5
2025.04.28 23:29:42 INFO  no build target found for C:\Users\TanmoY\Desktop\cimba\spring-scala-project\scala-lib-cim\src\main\scala\com\cimback\simba\logging\ApiLogger.scala. Using presentation compiler with project's scala-library version: 3.3.5
2025.04.28 23:29:42 INFO  no build target found for C:\Users\TanmoY\Desktop\cimba\spring-scala-project\backendcim\src\main\java\com\cimback\simba\controller\UserController.java. Using fallback presentation compiler.
2025.04.28 23:29:43 INFO  no build target found for C:\Users\TanmoY\Desktop\cimba\spring-scala-project\backendcim\src\main\java\com\cimback\simba\controller\UserController.java. Using fallback presentation compiler.
2025.04.28 23:29:42 INFO  no build target found for C:\Users\TanmoY\Desktop\cimba\spring-scala-project\backendcim\src\main\java\com\cimback\simba\controller\UserController.java. Using fallback presentation compiler.
2025.04.28 23:29:44 INFO  no build target found for C:\Users\TanmoY\Desktop\cimba\spring-scala-project\backendcim\src\main\java\com\cimback\simba\controller\UserController.java. Using fallback presentation compiler.
2025.04.28 23:31:17 INFO  no build target found for C:\Users\TanmoY\Desktop\cimba\spring-scala-project\backendcim\src\main\java\com\cimback\simba\controller\UserController.java. Using fallback presentation compiler.
2025.04.28 23:31:17 INFO  no build target found for C:\Users\TanmoY\Desktop\cimba\spring-scala-project\backendcim\src\main\java\com\cimback\simba\repo\UserRepo.java. Using fallback presentation compiler.
2025.04.28 23:31:17 INFO  no build target found for C:\Users\TanmoY\Desktop\cimba\spring-scala-project\backendcim\src\main\java\com\cimback\simba\repo\UserRepo.java. Using fallback presentation compiler.
2025.04.28 23:31:17 INFO  no build target found for C:\Users\TanmoY\Desktop\cimba\spring-scala-project\backendcim\src\main\java\com\cimback\simba\repo\UserRepo.java. Using fallback presentation compiler.
2025.04.28 23:31:47 INFO  no build target found for C:\Users\TanmoY\Desktop\cimba\spring-scala-project\backendcim\src\main\java\com\cimback\simba\repo\UserRepo.java. Using fallback presentation compiler.
2025.04.28 23:31:47 INFO  no build target found for C:\Users\TanmoY\Desktop\cimba\spring-scala-project\backendcim\src\main\java\com\cimback\simba\config\LoggingConfig.java. Using fallback presentation compiler.
2025.04.28 23:31:47 INFO  no build target found for C:\Users\TanmoY\Desktop\cimba\spring-scala-project\backendcim\src\main\java\com\cimback\simba\config\LoggingConfig.java. Using fallback presentation compiler.
2025.04.28 23:31:47 INFO  no build target found for C:\Users\TanmoY\Desktop\cimba\spring-scala-project\backendcim\src\main\java\com\cimback\simba\config\LoggingConfig.java. Using fallback presentation compiler.
2025.04.28 23:31:49 INFO  no build target found for C:\Users\TanmoY\Desktop\cimba\spring-scala-project\backendcim\src\main\java\com\cimback\simba\config\LoggingConfig.java. Using fallback presentation compiler.
2025.04.28 23:32:01 INFO  no build target found for C:\Users\TanmoY\Desktop\cimba\spring-scala-project\backendcim\src\main\java\com\cimback\simba\config\LoggingConfig.java. Using fallback presentation compiler.
2025.04.28 23:32:01 INFO  no build target found for C:\Users\TanmoY\Desktop\cimba\spring-scala-project\backendcim\src\main\java\com\cimback\simba\service\UserService.java. Using fallback presentation compiler.
2025.04.28 23:32:02 INFO  no build target found for C:\Users\TanmoY\Desktop\cimba\spring-scala-project\backendcim\src\main\java\com\cimback\simba\service\UserService.java. Using fallback presentation compiler.
2025.04.28 23:32:01 INFO  no build target found for C:\Users\TanmoY\Desktop\cimba\spring-scala-project\backendcim\src\main\java\com\cimback\simba\service\UserService.java. Using fallback presentation compiler.
2025.04.28 23:32:07 INFO  no build target found for C:\Users\TanmoY\Desktop\cimba\spring-scala-project\backendcim\src\main\java\com\cimback\simba\service\UserService.java. Using fallback presentation compiler.
2025.04.28 23:54:50 INFO  no build target found for C:\Users\TanmoY\Desktop\cimba\spring-scala-project\backendcim\src\main\java\com\cimback\simba\service\UserService.java. Using fallback presentation compiler.
2025.04.29 00:23:36 INFO  no build target found for C:\Users\TanmoY\Desktop\cimba\spring-scala-project\scala-lib-cim\src\main\scala\com\cimback\simba\logging\ApiLogger.scala. Using presentation compiler with project's scala-library version: 3.3.5
2025.04.29 00:23:36 INFO  no build target found for C:\Users\TanmoY\Desktop\cimba\spring-scala-project\scala-lib-cim\src\main\scala\com\cimback\simba\logging\ApiLogger.scala. Using presentation compiler with project's scala-library version: 3.3.5
2025.04.29 00:23:36 INFO  no build target found for C:\Users\TanmoY\Desktop\cimba\spring-scala-project\scala-lib-cim\src\main\scala\com\cimback\simba\logging\ApiLogger.scala. Using presentation compiler with project's scala-library version: 3.3.5
2025.04.29 00:23:36 INFO  no build target found for C:\Users\TanmoY\Desktop\cimba\spring-scala-project\scala-lib-cim\src\main\scala\com\cimback\simba\logging\ApiLogger.scala. Using presentation compiler with project's scala-library version: 3.3.5
2025.04.29 00:23:52 INFO  no build target found for C:\Users\TanmoY\Desktop\cimba\spring-scala-project\backendcim\src\main\java\com\cimback\simba\service\SummaryService.java. Using fallback presentation compiler.
2025.04.29 00:23:52 WARN  no build target for: C:\Users\TanmoY\Desktop\cimba\spring-scala-project\backendcim\src\main\java\com\cimback\simba\service\SummaryService.java
2025.04.29 00:23:52 INFO  no build target found for C:\Users\TanmoY\Desktop\cimba\spring-scala-project\backendcim\src\main\java\com\cimback\simba\service\SummaryService.java. Using fallback presentation compiler.
2025.04.29 00:23:53 INFO  no build target found for C:\Users\TanmoY\Desktop\cimba\spring-scala-project\backendcim\src\main\java\com\cimback\simba\service\SummaryService.java. Using fallback presentation compiler.
2025.04.29 00:23:53 INFO  no build target found for C:\Users\TanmoY\Desktop\cimba\spring-scala-project\backendcim\src\main\java\com\cimback\simba\service\SummaryService.java. Using fallback presentation compiler.
2025.04.29 00:23:55 INFO  no build target found for C:\Users\TanmoY\Desktop\cimba\spring-scala-project\backendcim\src\main\java\com\cimback\simba\service\SummaryService.java. Using fallback presentation compiler.
2025.04.29 00:23:58 INFO  no build target found for C:\Users\TanmoY\Desktop\cimba\spring-scala-project\backendcim\src\main\java\com\cimback\simba\service\SummaryService.java. Using fallback presentation compiler.
2025.04.29 00:24:03 INFO  no build target found for C:\Users\TanmoY\Desktop\cimba\spring-scala-project\backendcim\src\main\java\com\cimback\simba\service\SummaryService.java. Using fallback presentation compiler.
2025.04.29 00:24:03 INFO  no build target found for C:\Users\TanmoY\Desktop\cimba\spring-scala-project\backendcim\src\main\java\com\cimback\simba\service\SummaryService.java. Using fallback presentation compiler.
2025.04.29 00:24:05 INFO  no build target found for C:\Users\TanmoY\Desktop\cimba\spring-scala-project\backendcim\src\main\java\com\cimback\simba\service\SummaryService.java. Using fallback presentation compiler.
2025.04.29 00:24:05 INFO  no build target found for C:\Users\TanmoY\Desktop\cimba\spring-scala-project\backendcim\src\main\java\com\cimback\simba\service\SummaryService.java. Using fallback presentation compiler.
2025.04.29 00:24:05 INFO  no build target found for C:\Users\TanmoY\Desktop\cimba\spring-scala-project\backendcim\src\main\java\com\cimback\simba\service\SummaryService.java. Using fallback presentation compiler.
2025.04.29 00:24:06 INFO  no build target found for C:\Users\TanmoY\Desktop\cimba\spring-scala-project\backendcim\src\main\java\com\cimback\simba\service\SummaryService.java. Using fallback presentation compiler.
2025.04.29 00:24:06 INFO  no build target found for C:\Users\TanmoY\Desktop\cimba\spring-scala-project\backendcim\src\main\java\com\cimback\simba\service\SummaryService.java. Using fallback presentation compiler.
Apr 29, 2025 12:24:06 AM org.eclipse.lsp4j.jsonrpc.RemoteEndpoint handleCancellation
WARNING: Unmatched cancel notification for request id 210
2025.04.29 00:24:06 WARN  no build target for: C:\Users\TanmoY\Desktop\cimba\spring-scala-project\backendcim\src\main\java\com\cimback\simba\service\SummaryService.java
2025.04.29 00:24:06 INFO  no build target found for C:\Users\TanmoY\Desktop\cimba\spring-scala-project\backendcim\src\main\java\com\cimback\simba\service\SummaryService.java. Using fallback presentation compiler.
2025.04.29 00:24:07 WARN  no build target for: C:\Users\TanmoY\Desktop\cimba\spring-scala-project\backendcim\src\main\java\com\cimback\simba\service\SummaryService.java
2025.04.29 00:24:07 INFO  no build target found for C:\Users\TanmoY\Desktop\cimba\spring-scala-project\backendcim\src\main\java\com\cimback\simba\service\SummaryService.java. Using fallback presentation compiler.
2025.04.29 00:30:01 INFO  no build target found for C:\Users\TanmoY\Desktop\cimba\spring-scala-project\backendcim\src\main\java\com\cimback\simba\service\SummaryService.java. Using fallback presentation compiler.
2025.04.29 00:30:01 INFO  no build target found for C:\Users\TanmoY\Desktop\cimba\spring-scala-project\backendcim\src\main\java\com\cimback\simba\service\SummaryService.java. Using fallback presentation compiler.
Apr 29, 2025 12:30:01 AM org.eclipse.lsp4j.jsonrpc.RemoteEndpoint handleCancellation
WARNING: Unmatched cancel notification for request id 220
2025.04.29 00:30:01 INFO  no build target found for C:\Users\TanmoY\Desktop\cimba\spring-scala-project\backendcim\src\main\java\com\cimback\simba\service\SummaryService.java. Using fallback presentation compiler.
Apr 29, 2025 12:30:01 AM org.eclipse.lsp4j.jsonrpc.RemoteEndpoint handleCancellation
WARNING: Unmatched cancel notification for request id 218
Apr 29, 2025 12:30:01 AM org.eclipse.lsp4j.jsonrpc.RemoteEndpoint handleCancellation
WARNING: Unmatched cancel notification for request id 219
2025.04.29 00:30:01 INFO  no build target found for C:\Users\TanmoY\Desktop\cimba\spring-scala-project\backendcim\src\main\java\com\cimback\simba\service\SummaryService.java. Using fallback presentation compiler.
Apr 29, 2025 12:30:01 AM org.eclipse.lsp4j.jsonrpc.RemoteEndpoint handleCancellation
WARNING: Unmatched cancel notification for request id 222
2025.04.29 00:30:01 INFO  no build target found for C:\Users\TanmoY\Desktop\cimba\spring-scala-project\backendcim\src\main\java\com\cimback\simba\service\SummaryService.java. Using fallback presentation compiler.
2025.04.29 00:30:01 INFO  no build target found for C:\Users\TanmoY\Desktop\cimba\spring-scala-project\backendcim\src\main\java\com\cimback\simba\service\SummaryService.java. Using fallback presentation compiler.
Apr 29, 2025 12:30:01 AM org.eclipse.lsp4j.jsonrpc.RemoteEndpoint handleCancellation
WARNING: Unmatched cancel notification for request id 223
Apr 29, 2025 12:30:01 AM org.eclipse.lsp4j.jsonrpc.RemoteEndpoint handleCancellation
WARNING: Unmatched cancel notification for request id 225
2025.04.29 00:30:01 INFO  no build target found for C:\Users\TanmoY\Desktop\cimba\spring-scala-project\backendcim\src\main\java\com\cimback\simba\service\SummaryService.java. Using fallback presentation compiler.
2025.04.29 00:30:01 INFO  no build target found for C:\Users\TanmoY\Desktop\cimba\spring-scala-project\backendcim\src\main\java\com\cimback\simba\service\SummaryService.java. Using fallback presentation compiler.
2025.04.29 00:30:01 INFO  no build target found for C:\Users\TanmoY\Desktop\cimba\spring-scala-project\backendcim\src\main\java\com\cimback\simba\service\SummaryService.java. Using fallback presentation compiler.
Apr 29, 2025 12:30:01 AM org.eclipse.lsp4j.jsonrpc.RemoteEndpoint handleCancellation
WARNING: Unmatched cancel notification for request id 228
Apr 29, 2025 12:30:01 AM org.eclipse.lsp4j.jsonrpc.RemoteEndpoint handleCancellation
WARNING: Unmatched cancel notification for request id 229
Apr 29, 2025 12:30:01 AM org.eclipse.lsp4j.jsonrpc.RemoteEndpoint handleCancellation
WARNING: Unmatched cancel notification for request id 227
2025.04.29 00:30:01 INFO  no build target found for C:\Users\TanmoY\Desktop\cimba\spring-scala-project\backendcim\src\main\java\com\cimback\simba\service\SummaryService.java. Using fallback presentation compiler.
2025.04.29 00:30:01 INFO  no build target found for C:\Users\TanmoY\Desktop\cimba\spring-scala-project\backendcim\src\main\java\com\cimback\simba\service\SummaryService.java. Using fallback presentation compiler.
Apr 29, 2025 12:30:01 AM org.eclipse.lsp4j.jsonrpc.RemoteEndpoint handleCancellation
WARNING: Unmatched cancel notification for request id 233
2025.04.29 00:30:01 INFO  no build target found for C:\Users\TanmoY\Desktop\cimba\spring-scala-project\backendcim\src\main\java\com\cimback\simba\service\SummaryService.java. Using fallback presentation compiler.
2025.04.29 00:30:02 INFO  no build target found for C:\Users\TanmoY\Desktop\cimba\spring-scala-project\backendcim\src\main\java\com\cimback\simba\service\SummaryService.java. Using fallback presentation compiler.
Apr 29, 2025 12:30:02 AM org.eclipse.lsp4j.jsonrpc.RemoteEndpoint handleCancellation
WARNING: Unmatched cancel notification for request id 242
2025.04.29 00:30:01 INFO  no build target found for C:\Users\TanmoY\Desktop\cimba\spring-scala-project\backendcim\src\main\java\com\cimback\simba\service\SummaryService.java. Using fallback presentation compiler.
2025.04.29 00:30:01 INFO  no build target found for C:\Users\TanmoY\Desktop\cimba\spring-scala-project\backendcim\src\main\java\com\cimback\simba\service\SummaryService.java. Using fallback presentation compiler.
2025.04.29 00:30:02 INFO  no build target found for C:\Users\TanmoY\Desktop\cimba\spring-scala-project\backendcim\src\main\java\com\cimback\simba\service\SummaryService.java. Using fallback presentation compiler.
2025.04.29 00:30:03 WARN  no build target for: C:\Users\TanmoY\Desktop\cimba\spring-scala-project\backendcim\src\main\java\com\cimback\simba\service\SummaryService.java
2025.04.29 00:30:03 INFO  no build target found for C:\Users\TanmoY\Desktop\cimba\spring-scala-project\backendcim\src\main\java\com\cimback\simba\service\SummaryService.java. Using fallback presentation compiler.
2025.04.29 00:30:12 INFO  no build target found for C:\Users\TanmoY\Desktop\cimba\spring-scala-project\backendcim\src\main\java\com\cimback\simba\service\SummaryService.java. Using fallback presentation compiler.
2025.04.29 00:30:12 INFO  no build target found for C:\Users\TanmoY\Desktop\cimba\spring-scala-project\backendcim\src\main\java\com\cimback\simba\service\SummaryService.java. Using fallback presentation compiler.
2025.04.29 00:30:14 INFO  no build target found for C:\Users\TanmoY\Desktop\cimba\spring-scala-project\backendcim\src\main\java\com\cimback\simba\service\SummaryService.java. Using fallback presentation compiler.
2025.04.29 00:30:14 INFO  no build target found for C:\Users\TanmoY\Desktop\cimba\spring-scala-project\backendcim\src\main\java\com\cimback\simba\service\SummaryService.java. Using fallback presentation compiler.
2025.04.29 00:30:14 INFO  no build target found for C:\Users\TanmoY\Desktop\cimba\spring-scala-project\backendcim\src\main\java\com\cimback\simba\service\SummaryService.java. Using fallback presentation compiler.
2025.04.29 00:30:15 INFO  no build target found for C:\Users\TanmoY\Desktop\cimba\spring-scala-project\backendcim\src\main\java\com\cimback\simba\service\SummaryService.java. Using fallback presentation compiler.
2025.04.29 00:30:15 INFO  no build target found for C:\Users\TanmoY\Desktop\cimba\spring-scala-project\backendcim\src\main\java\com\cimback\simba\service\SummaryService.java. Using fallback presentation compiler.
2025.04.29 00:30:15 INFO  no build target found for C:\Users\TanmoY\Desktop\cimba\spring-scala-project\backendcim\src\main\java\com\cimback\simba\service\SummaryService.java. Using fallback presentation compiler.
2025.04.29 00:30:15 INFO  no build target found for C:\Users\TanmoY\Desktop\cimba\spring-scala-project\backendcim\src\main\java\com\cimback\simba\service\SummaryService.java. Using fallback presentation compiler.
2025.04.29 00:30:15 INFO  no build target found for C:\Users\TanmoY\Desktop\cimba\spring-scala-project\backendcim\src\main\java\com\cimback\simba\service\SummaryService.java. Using fallback presentation compiler.
2025.04.29 00:30:16 WARN  no build target for: C:\Users\TanmoY\Desktop\cimba\spring-scala-project\backendcim\src\main\java\com\cimback\simba\service\SummaryService.java
2025.04.29 00:30:16 INFO  no build target found for C:\Users\TanmoY\Desktop\cimba\spring-scala-project\backendcim\src\main\java\com\cimback\simba\service\SummaryService.java. Using fallback presentation compiler.
2025.04.29 00:30:17 INFO  no build target found for C:\Users\TanmoY\Desktop\cimba\spring-scala-project\backendcim\src\main\java\com\cimback\simba\service\SummaryService.java. Using fallback presentation compiler.
2025.04.29 00:30:17 INFO  no build target found for C:\Users\TanmoY\Desktop\cimba\spring-scala-project\backendcim\src\main\java\com\cimback\simba\service\SummaryService.java. Using fallback presentation compiler.
2025.04.29 00:30:17 INFO  no build target found for C:\Users\TanmoY\Desktop\cimba\spring-scala-project\backendcim\src\main\java\com\cimback\simba\service\SummaryService.java. Using fallback presentation compiler.
2025.04.29 00:30:17 INFO  no build target found for C:\Users\TanmoY\Desktop\cimba\spring-scala-project\backendcim\src\main\java\com\cimback\simba\service\SummaryService.java. Using fallback presentation compiler.
2025.04.29 00:30:17 INFO  no build target found for C:\Users\TanmoY\Desktop\cimba\spring-scala-project\backendcim\src\main\java\com\cimback\simba\service\SummaryService.java. Using fallback presentation compiler.
2025.04.29 00:30:18 INFO  no build target found for C:\Users\TanmoY\Desktop\cimba\spring-scala-project\backendcim\src\main\java\com\cimback\simba\service\SummaryService.java. Using fallback presentation compiler.
2025.04.29 00:30:19 WARN  no build target for: C:\Users\TanmoY\Desktop\cimba\spring-scala-project\backendcim\src\main\java\com\cimback\simba\service\SummaryService.java
2025.04.29 00:30:18 INFO  no build target found for C:\Users\TanmoY\Desktop\cimba\spring-scala-project\backendcim\src\main\java\com\cimback\simba\service\SummaryService.java. Using fallback presentation compiler.
2025.04.29 00:30:20 WARN  no build target for: C:\Users\TanmoY\Desktop\cimba\spring-scala-project\backendcim\src\main\java\com\cimback\simba\service\SummaryService.java
2025.04.29 00:30:20 INFO  no build target found for C:\Users\TanmoY\Desktop\cimba\spring-scala-project\backendcim\src\main\java\com\cimback\simba\service\SummaryService.java. Using fallback presentation compiler.
2025.04.29 00:30:21 INFO  no build target found for C:\Users\TanmoY\Desktop\cimba\spring-scala-project\backendcim\src\main\java\com\cimback\simba\service\SummaryService.java. Using fallback presentation compiler.
2025.04.29 00:49:18 INFO  no build target found for C:\Users\TanmoY\Desktop\cimba\spring-scala-project\scala-lib-cim\src\main\scala\com\cimback\simba\logging\ApiLogger.scala. Using presentation compiler with project's scala-library version: 3.3.5
2025.04.29 00:49:18 INFO  no build target found for C:\Users\TanmoY\Desktop\cimba\spring-scala-project\backendcim\src\main\java\com\cimback\simba\controller\UserController.java. Using fallback presentation compiler.
2025.04.29 00:49:18 INFO  no build target found for C:\Users\TanmoY\Desktop\cimba\spring-scala-project\backendcim\src\main\java\com\cimback\simba\controller\UserController.java. Using fallback presentation compiler.
2025.04.29 00:49:18 INFO  no build target found for C:\Users\TanmoY\Desktop\cimba\spring-scala-project\backendcim\src\main\java\com\cimback\simba\controller\UserController.java. Using fallback presentation compiler.
2025.04.29 00:49:19 INFO  no build target found for C:\Users\TanmoY\Desktop\cimba\spring-scala-project\backendcim\src\main\java\com\cimback\simba\controller\UserController.java. Using fallback presentation compiler.
2025.04.29 00:49:28 INFO  no build target found for C:\Users\TanmoY\Desktop\cimba\spring-scala-project\backendcim\src\main\java\com\cimback\simba\controller\UserController.java. Using fallback presentation compiler.
2025.04.29 00:49:30 INFO  no build target found for C:\Users\TanmoY\Desktop\cimba\spring-scala-project\backendcim\src\main\java\com\cimback\simba\controller\UserController.java. Using fallback presentation compiler.
2025.04.29 00:49:30 INFO  no build target found for C:\Users\TanmoY\Desktop\cimba\spring-scala-project\backendcim\src\main\java\com\cimback\simba\controller\UserController.java. Using fallback presentation compiler.
2025.04.29 00:49:30 INFO  no build target found for C:\Users\TanmoY\Desktop\cimba\spring-scala-project\backendcim\src\main\java\com\cimback\simba\controller\UserController.java. Using fallback presentation compiler.
2025.04.29 00:49:31 INFO  no build target found for C:\Users\TanmoY\Desktop\cimba\spring-scala-project\backendcim\src\main\java\com\cimback\simba\controller\UserController.java. Using fallback presentation compiler.
2025.04.29 00:49:31 INFO  no build target found for C:\Users\TanmoY\Desktop\cimba\spring-scala-project\backendcim\src\main\java\com\cimback\simba\controller\UserController.java. Using fallback presentation compiler.
2025.04.29 00:49:31 INFO  no build target found for C:\Users\TanmoY\Desktop\cimba\spring-scala-project\backendcim\src\main\java\com\cimback\simba\controller\UserController.java. Using fallback presentation compiler.
2025.04.29 00:49:32 INFO  no build target found for C:\Users\TanmoY\Desktop\cimba\spring-scala-project\backendcim\src\main\java\com\cimback\simba\controller\UserController.java. Using fallback presentation compiler.
2025.04.29 00:49:32 INFO  no build target found for C:\Users\TanmoY\Desktop\cimba\spring-scala-project\backendcim\src\main\java\com\cimback\simba\controller\UserController.java. Using fallback presentation compiler.
2025.04.29 00:49:32 INFO  no build target found for C:\Users\TanmoY\Desktop\cimba\spring-scala-project\backendcim\src\main\java\com\cimback\simba\controller\UserController.java. Using fallback presentation compiler.
2025.04.29 00:49:34 INFO  no build target found for C:\Users\TanmoY\Desktop\cimba\spring-scala-project\backendcim\src\main\java\com\cimback\simba\controller\UserController.java. Using fallback presentation compiler.
2025.04.29 00:49:36 INFO  no build target found for C:\Users\TanmoY\Desktop\cimba\spring-scala-project\backendcim\src\main\java\com\cimback\simba\controller\UserController.java. Using fallback presentation compiler.
2025.04.29 00:49:36 INFO  no build target found for C:\Users\TanmoY\Desktop\cimba\spring-scala-project\backendcim\src\main\java\com\cimback\simba\controller\UserController.java. Using fallback presentation compiler.
2025.04.29 00:49:38 INFO  no build target found for C:\Users\TanmoY\Desktop\cimba\spring-scala-project\backendcim\src\main\java\com\cimback\simba\controller\UserController.java. Using fallback presentation compiler.
2025.04.29 00:49:38 INFO  no build target found for C:\Users\TanmoY\Desktop\cimba\spring-scala-project\backendcim\src\main\java\com\cimback\simba\controller\UserController.java. Using fallback presentation compiler.
2025.04.29 00:49:40 INFO  no build target found for C:\Users\TanmoY\Desktop\cimba\spring-scala-project\backendcim\src\main\java\com\cimback\simba\controller\UserController.java. Using fallback presentation compiler.
2025.04.29 00:49:40 INFO  no build target found for C:\Users\TanmoY\Desktop\cimba\spring-scala-project\backendcim\src\main\java\com\cimback\simba\service\SummaryService.java. Using fallback presentation compiler.
2025.04.29 00:49:40 WARN  no build target for: C:\Users\TanmoY\Desktop\cimba\spring-scala-project\backendcim\src\main\java\com\cimback\simba\service\SummaryService.java
2025.04.29 00:49:40 INFO  no build target found for C:\Users\TanmoY\Desktop\cimba\spring-scala-project\backendcim\src\main\java\com\cimback\simba\service\SummaryService.java. Using fallback presentation compiler.
2025.04.29 00:49:40 INFO  no build target found for C:\Users\TanmoY\Desktop\cimba\spring-scala-project\backendcim\src\main\java\com\cimback\simba\service\SummaryService.java. Using fallback presentation compiler.
2025.04.29 00:49:41 INFO  no build target found for C:\Users\TanmoY\Desktop\cimba\spring-scala-project\backendcim\src\main\java\com\cimback\simba\service\SummaryService.java. Using fallback presentation compiler.
2025.04.29 00:52:49 INFO  no build target found for C:\Users\TanmoY\Desktop\cimba\spring-scala-project\backendcim\src\main\java\com\cimback\simba\service\SummaryService.java. Using fallback presentation compiler.
2025.04.29 01:00:34 INFO  no build target found for C:\Users\TanmoY\Desktop\cimba\spring-scala-project\backendcim\src\main\java\com\cimback\simba\service\SummaryService.java. Using fallback presentation compiler.
2025.04.29 01:00:34 WARN  no build target for: C:\Users\TanmoY\Desktop\cimba\spring-scala-project\backendcim\src\main\java\com\cimback\simba\service\SummaryService.java
2025.04.29 01:00:34 INFO  no build target found for C:\Users\TanmoY\Desktop\cimba\spring-scala-project\backendcim\src\main\java\com\cimback\simba\service\SummaryService.java. Using fallback presentation compiler.
2025.04.29 01:00:34 INFO  no build target found for C:\Users\TanmoY\Desktop\cimba\spring-scala-project\backendcim\src\main\java\com\cimback\simba\service\SummaryService.java. Using fallback presentation compiler.
2025.04.29 01:00:36 INFO  no build target found for C:\Users\TanmoY\Desktop\cimba\spring-scala-project\backendcim\src\main\java\com\cimback\simba\service\SummaryService.java. Using fallback presentation compiler.
2025.04.29 01:00:37 INFO  no build target found for C:\Users\TanmoY\Desktop\cimba\spring-scala-project\backendcim\src\main\java\com\cimback\simba\service\SummaryService.java. Using fallback presentation compiler.
2025.04.29 01:00:37 INFO  no build target found for C:\Users\TanmoY\Desktop\cimba\spring-scala-project\backendcim\src\main\java\com\cimback\simba\service\SummaryService.java. Using fallback presentation compiler.
2025.04.29 01:00:37 INFO  no build target found for C:\Users\TanmoY\Desktop\cimba\spring-scala-project\backendcim\src\main\java\com\cimback\simba\service\SummaryService.java. Using fallback presentation compiler.
2025.04.29 01:00:38 INFO  no build target found for C:\Users\TanmoY\Desktop\cimba\spring-scala-project\backendcim\src\main\java\com\cimback\simba\service\SummaryService.java. Using fallback presentation compiler.
2025.04.29 01:00:38 INFO  no build target found for C:\Users\TanmoY\Desktop\cimba\spring-scala-project\backendcim\src\main\java\com\cimback\simba\service\SummaryService.java. Using fallback presentation compiler.
2025.04.29 01:00:39 INFO  no build target found for C:\Users\TanmoY\Desktop\cimba\spring-scala-project\backendcim\src\main\java\com\cimback\simba\service\SummaryService.java. Using fallback presentation compiler.
2025.04.29 01:00:39 WARN  no build target for: C:\Users\TanmoY\Desktop\cimba\spring-scala-project\backendcim\src\main\java\com\cimback\simba\service\SummaryService.java
2025.04.29 01:00:39 INFO  no build target found for C:\Users\TanmoY\Desktop\cimba\spring-scala-project\backendcim\src\main\java\com\cimback\simba\service\SummaryService.java. Using fallback presentation compiler.
2025.04.29 01:00:40 INFO  no build target found for C:\Users\TanmoY\Desktop\cimba\spring-scala-project\backendcim\src\main\java\com\cimback\simba\service\SummaryService.java. Using fallback presentation compiler.
2025.04.29 01:00:40 INFO  no build target found for C:\Users\TanmoY\Desktop\cimba\spring-scala-project\backendcim\src\main\java\com\cimback\simba\service\SummaryService.java. Using fallback presentation compiler.
2025.04.29 01:00:41 INFO  no build target found for C:\Users\TanmoY\Desktop\cimba\spring-scala-project\backendcim\src\main\java\com\cimback\simba\service\SummaryService.java. Using fallback presentation compiler.
2025.04.29 01:00:40 INFO  no build target found for C:\Users\TanmoY\Desktop\cimba\spring-scala-project\backendcim\src\main\java\com\cimback\simba\service\SummaryService.java. Using fallback presentation compiler.
2025.04.29 01:00:40 INFO  no build target found for C:\Users\TanmoY\Desktop\cimba\spring-scala-project\backendcim\src\main\java\com\cimback\simba\service\SummaryService.java. Using fallback presentation compiler.
2025.04.29 01:00:41 INFO  no build target found for C:\Users\TanmoY\Desktop\cimba\spring-scala-project\backendcim\src\main\java\com\cimback\simba\service\SummaryService.java. Using fallback presentation compiler.
2025.04.29 01:00:40 INFO  no build target found for C:\Users\TanmoY\Desktop\cimba\spring-scala-project\backendcim\src\main\java\com\cimback\simba\service\SummaryService.java. Using fallback presentation compiler.
2025.04.29 01:00:40 INFO  no build target found for C:\Users\TanmoY\Desktop\cimba\spring-scala-project\backendcim\src\main\java\com\cimback\simba\service\SummaryService.java. Using fallback presentation compiler.
2025.04.29 01:00:41 INFO  no build target found for C:\Users\TanmoY\Desktop\cimba\spring-scala-project\backendcim\src\main\java\com\cimback\simba\service\SummaryService.java. Using fallback presentation compiler.
2025.04.29 01:00:42 INFO  no build target found for C:\Users\TanmoY\Desktop\cimba\spring-scala-project\backendcim\src\main\java\com\cimback\simba\service\SummaryService.java. Using fallback presentation compiler.
2025.04.29 01:00:42 INFO  no build target found for C:\Users\TanmoY\Desktop\cimba\spring-scala-project\backendcim\src\main\java\com\cimback\simba\service\SummaryService.java. Using fallback presentation compiler.
2025.04.29 01:00:43 WARN  no build target for: C:\Users\TanmoY\Desktop\cimba\spring-scala-project\backendcim\src\main\java\com\cimback\simba\service\SummaryService.java
2025.04.29 01:00:42 INFO  no build target found for C:\Users\TanmoY\Desktop\cimba\spring-scala-project\backendcim\src\main\java\com\cimback\simba\service\SummaryService.java. Using fallback presentation compiler.
2025.04.29 01:20:02 INFO  no build target found for C:\Users\TanmoY\Desktop\cimba\spring-scala-project\backendcim\src\main\java\com\cimback\simba\controller\UserController.java. Using fallback presentation compiler.
2025.04.29 01:20:02 WARN  no build target for: C:\Users\TanmoY\Desktop\cimba\spring-scala-project\backendcim\src\main\java\com\cimback\simba\controller\UserController.java
2025.04.29 01:20:03 INFO  no build target found for C:\Users\TanmoY\Desktop\cimba\spring-scala-project\backendcim\src\main\java\com\cimback\simba\controller\UserController.java. Using fallback presentation compiler.
2025.04.29 01:20:02 INFO  no build target found for C:\Users\TanmoY\Desktop\cimba\spring-scala-project\backendcim\src\main\java\com\cimback\simba\controller\UserController.java. Using fallback presentation compiler.
2025.04.29 01:20:02 INFO  no build target found for C:\Users\TanmoY\Desktop\cimba\spring-scala-project\backendcim\src\main\java\com\cimback\simba\controller\UserController.java. Using fallback presentation compiler.
2025.04.29 01:20:03 INFO  no build target found for C:\Users\TanmoY\Desktop\cimba\spring-scala-project\backendcim\src\main\java\com\cimback\simba\controller\UserController.java. Using fallback presentation compiler.
2025.04.29 01:20:19 INFO  no build target found for C:\Users\TanmoY\Desktop\cimba\spring-scala-project\backendcim\src\main\java\com\cimback\simba\controller\UserController.java. Using fallback presentation compiler.
2025.04.29 01:20:19 INFO  no build target found for C:\Users\TanmoY\Desktop\cimba\spring-scala-project\backendcim\src\main\java\com\cimback\simba\controller\UserController.java. Using fallback presentation compiler.
2025.04.29 01:20:19 INFO  no build target found for C:\Users\TanmoY\Desktop\cimba\spring-scala-project\backendcim\src\main\java\com\cimback\simba\controller\UserController.java. Using fallback presentation compiler.
2025.04.29 01:20:21 INFO  no build target found for C:\Users\TanmoY\Desktop\cimba\spring-scala-project\backendcim\src\main\java\com\cimback\simba\controller\UserController.java. Using fallback presentation compiler.
2025.04.29 01:20:21 INFO  no build target found for C:\Users\TanmoY\Desktop\cimba\spring-scala-project\backendcim\src\main\java\com\cimback\simba\repo\SummaryRepo.java. Using fallback presentation compiler.
2025.04.29 01:20:21 INFO  no build target found for C:\Users\TanmoY\Desktop\cimba\spring-scala-project\backendcim\src\main\java\com\cimback\simba\controller\UserController.java. Using fallback presentation compiler.
2025.04.29 01:20:22 INFO  no build target found for C:\Users\TanmoY\Desktop\cimba\spring-scala-project\backendcim\src\main\java\com\cimback\simba\controller\UserController.java. Using fallback presentation compiler.
2025.04.29 01:20:23 INFO  no build target found for C:\Users\TanmoY\Desktop\cimba\spring-scala-project\backendcim\src\main\java\com\cimback\simba\repo\SummaryRepo.java. Using fallback presentation compiler.
2025.04.29 01:20:23 INFO  no build target found for C:\Users\TanmoY\Desktop\cimba\spring-scala-project\backendcim\src\main\java\com\cimback\simba\repo\SummaryRepo.java. Using fallback presentation compiler.
2025.04.29 01:20:23 INFO  no build target found for C:\Users\TanmoY\Desktop\cimba\spring-scala-project\backendcim\src\main\java\com\cimback\simba\repo\SummaryRepo.java. Using fallback presentation compiler.
2025.04.29 01:22:00 INFO  no build target found for C:\Users\TanmoY\Desktop\cimba\spring-scala-project\backendcim\src\main\java\com\cimback\simba\repo\SummaryRepo.java. Using fallback presentation compiler.
2025.04.29 01:23:42 INFO  no build target found for C:\Users\TanmoY\Desktop\cimba\spring-scala-project\backendcim\src\main\java\com\cimback\simba\model\User.java. Using fallback presentation compiler.
2025.04.29 01:23:42 WARN  no build target for: C:\Users\TanmoY\Desktop\cimba\spring-scala-project\backendcim\src\main\java\com\cimback\simba\model\User.java
2025.04.29 01:23:42 INFO  no build target found for C:\Users\TanmoY\Desktop\cimba\spring-scala-project\backendcim\src\main\java\com\cimback\simba\model\User.java. Using fallback presentation compiler.
2025.04.29 01:23:42 INFO  no build target found for C:\Users\TanmoY\Desktop\cimba\spring-scala-project\backendcim\src\main\java\com\cimback\simba\model\User.java. Using fallback presentation compiler.
2025.04.29 01:23:43 INFO  no build target found for C:\Users\TanmoY\Desktop\cimba\spring-scala-project\backendcim\src\main\java\com\cimback\simba\model\User.java. Using fallback presentation compiler.
2025.04.29 01:23:44 INFO  no build target found for C:\Users\TanmoY\Desktop\cimba\spring-scala-project\backendcim\src\main\java\com\cimback\simba\model\User.java. Using fallback presentation compiler.
2025.04.29 01:23:44 INFO  no build target found for C:\Users\TanmoY\Desktop\cimba\spring-scala-project\backendcim\src\main\java\com\cimback\simba\model\User.java. Using fallback presentation compiler.
2025.04.29 01:23:44 INFO  no build target found for C:\Users\TanmoY\Desktop\cimba\spring-scala-project\backendcim\src\main\java\com\cimback\simba\model\User.java. Using fallback presentation compiler.
2025.04.29 01:23:46 INFO  no build target found for C:\Users\TanmoY\Desktop\cimba\spring-scala-project\backendcim\src\main\java\com\cimback\simba\model\User.java. Using fallback presentation compiler.
2025.04.29 01:23:56 INFO  no build target found for C:\Users\TanmoY\Desktop\cimba\spring-scala-project\backendcim\src\main\java\com\cimback\simba\model\User.java. Using fallback presentation compiler.
2025.04.29 01:23:56 INFO  no build target found for C:\Users\TanmoY\Desktop\cimba\spring-scala-project\backendcim\src\main\java\com\cimback\simba\model\User.java. Using fallback presentation compiler.
2025.04.29 01:23:56 INFO  no build target found for C:\Users\TanmoY\Desktop\cimba\spring-scala-project\backendcim\src\main\java\com\cimback\simba\model\User.java. Using fallback presentation compiler.
2025.04.29 01:24:06 INFO  no build target found for C:\Users\TanmoY\Desktop\cimba\spring-scala-project\backendcim\src\main\java\com\cimback\simba\model\User.java. Using fallback presentation compiler.
2025.04.29 01:24:06 INFO  no build target found for C:\Users\TanmoY\Desktop\cimba\spring-scala-project\backendcim\src\main\java\com\cimback\simba\model\User.java. Using fallback presentation compiler.
2025.04.29 01:24:13 INFO  no build target found for C:\Users\TanmoY\Desktop\cimba\spring-scala-project\backendcim\src\main\java\com\cimback\simba\model\Summary.java. Using fallback presentation compiler.
2025.04.29 01:24:13 WARN  no build target for: C:\Users\TanmoY\Desktop\cimba\spring-scala-project\backendcim\src\main\java\com\cimback\simba\model\Summary.java
2025.04.29 01:24:13 INFO  no build target found for C:\Users\TanmoY\Desktop\cimba\spring-scala-project\backendcim\src\main\java\com\cimback\simba\model\Summary.java. Using fallback presentation compiler.
2025.04.29 01:24:13 INFO  no build target found for C:\Users\TanmoY\Desktop\cimba\spring-scala-project\backendcim\src\main\java\com\cimback\simba\model\Summary.java. Using fallback presentation compiler.
2025.04.29 01:24:20 INFO  no build target found for C:\Users\TanmoY\Desktop\cimba\spring-scala-project\backendcim\src\main\java\com\cimback\simba\model\User.java. Using fallback presentation compiler.
2025.04.29 01:24:20 WARN  no build target for: C:\Users\TanmoY\Desktop\cimba\spring-scala-project\backendcim\src\main\java\com\cimback\simba\model\User.java
2025.04.29 01:24:20 INFO  no build target found for C:\Users\TanmoY\Desktop\cimba\spring-scala-project\backendcim\src\main\java\com\cimback\simba\model\User.java. Using fallback presentation compiler.
2025.04.29 01:24:20 INFO  no build target found for C:\Users\TanmoY\Desktop\cimba\spring-scala-project\backendcim\src\main\java\com\cimback\simba\model\User.java. Using fallback presentation compiler.
2025.04.29 01:24:23 INFO  no build target found for C:\Users\TanmoY\Desktop\cimba\spring-scala-project\backendcim\src\main\java\com\cimback\simba\model\User.java. Using fallback presentation compiler.
2025.04.29 01:24:23 INFO  no build target found for C:\Users\TanmoY\Desktop\cimba\spring-scala-project\backendcim\src\main\java\com\cimback\simba\model\User.java. Using fallback presentation compiler.
2025.04.29 01:24:23 INFO  no build target found for C:\Users\TanmoY\Desktop\cimba\spring-scala-project\backendcim\src\main\java\com\cimback\simba\model\User.java. Using fallback presentation compiler.
2025.04.29 01:24:24 INFO  no build target found for C:\Users\TanmoY\Desktop\cimba\spring-scala-project\backendcim\src\main\java\com\cimback\simba\model\User.java. Using fallback presentation compiler.
2025.04.29 01:25:25 INFO  no build target found for C:\Users\TanmoY\Desktop\cimba\spring-scala-project\backendcim\src\main\java\com\cimback\simba\repo\UserRepo.java. Using fallback presentation compiler.
2025.04.29 01:25:25 INFO  no build target found for C:\Users\TanmoY\Desktop\cimba\spring-scala-project\backendcim\src\main\java\com\cimback\simba\repo\UserRepo.java. Using fallback presentation compiler.
2025.04.29 01:25:25 INFO  no build target found for C:\Users\TanmoY\Desktop\cimba\spring-scala-project\backendcim\src\main\java\com\cimback\simba\repo\UserRepo.java. Using fallback presentation compiler.
2025.04.29 01:26:06 INFO  no build target found for C:\Users\TanmoY\Desktop\cimba\spring-scala-project\backendcim\src\main\java\com\cimback\simba\controller\UserController.java. Using fallback presentation compiler.
2025.04.29 01:26:06 WARN  no build target for: C:\Users\TanmoY\Desktop\cimba\spring-scala-project\backendcim\src\main\java\com\cimback\simba\controller\UserController.java
2025.04.29 01:26:06 INFO  no build target found for C:\Users\TanmoY\Desktop\cimba\spring-scala-project\backendcim\src\main\java\com\cimback\simba\controller\UserController.java. Using fallback presentation compiler.
2025.04.29 01:26:06 INFO  no build target found for C:\Users\TanmoY\Desktop\cimba\spring-scala-project\backendcim\src\main\java\com\cimback\simba\controller\UserController.java. Using fallback presentation compiler.
2025.04.29 01:26:06 INFO  no build target found for C:\Users\TanmoY\Desktop\cimba\spring-scala-project\backendcim\src\main\java\com\cimback\simba\controller\UserController.java. Using fallback presentation compiler.
2025.04.29 01:26:09 INFO  no build target found for C:\Users\TanmoY\Desktop\cimba\spring-scala-project\backendcim\src\main\java\com\cimback\simba\controller\UserController.java. Using fallback presentation compiler.
2025.04.29 01:26:09 INFO  no build target found for C:\Users\TanmoY\Desktop\cimba\spring-scala-project\backendcim\src\main\java\com\cimback\simba\controller\UserController.java. Using fallback presentation compiler.
2025.04.29 01:26:10 INFO  no build target found for C:\Users\TanmoY\Desktop\cimba\spring-scala-project\backendcim\src\main\java\com\cimback\simba\controller\UserController.java. Using fallback presentation compiler.
2025.04.29 01:26:11 INFO  no build target found for C:\Users\TanmoY\Desktop\cimba\spring-scala-project\backendcim\src\main\java\com\cimback\simba\controller\UserController.java. Using fallback presentation compiler.
2025.04.29 01:26:11 INFO  no build target found for C:\Users\TanmoY\Desktop\cimba\spring-scala-project\backendcim\src\main\java\com\cimback\simba\controller\UserController.java. Using fallback presentation compiler.
2025.04.29 01:26:16 INFO  no build target found for C:\Users\TanmoY\Desktop\cimba\spring-scala-project\backendcim\src\main\java\com\cimback\simba\controller\UserController.java. Using fallback presentation compiler.
2025.04.29 01:26:16 INFO  no build target found for C:\Users\TanmoY\Desktop\cimba\spring-scala-project\backendcim\src\main\java\com\cimback\simba\controller\UserController.java. Using fallback presentation compiler.
2025.04.29 01:26:41 INFO  no build target found for C:\Users\TanmoY\Desktop\cimba\spring-scala-project\backendcim\src\main\java\com\cimback\simba\controller\UserController.java. Using fallback presentation compiler.
2025.04.29 01:26:46 INFO  no build target found for C:\Users\TanmoY\Desktop\cimba\spring-scala-project\backendcim\src\main\java\com\cimback\simba\controller\UserController.java. Using fallback presentation compiler.
2025.04.29 01:26:46 INFO  no build target found for C:\Users\TanmoY\Desktop\cimba\spring-scala-project\backendcim\src\main\java\com\cimback\simba\repo\SummaryRepo.java. Using fallback presentation compiler.
2025.04.29 01:26:46 INFO  no build target found for C:\Users\TanmoY\Desktop\cimba\spring-scala-project\backendcim\src\main\java\com\cimback\simba\controller\UserController.java. Using fallback presentation compiler.
2025.04.29 01:26:46 INFO  no build target found for C:\Users\TanmoY\Desktop\cimba\spring-scala-project\backendcim\src\main\java\com\cimback\simba\repo\UserRepo.java. Using fallback presentation compiler.
2025.04.29 01:26:46 INFO  no build target found for C:\Users\TanmoY\Desktop\cimba\spring-scala-project\backendcim\src\main\java\com\cimback\simba\repo\SummaryRepo.java. Using fallback presentation compiler.
2025.04.29 01:26:47 INFO  no build target found for C:\Users\TanmoY\Desktop\cimba\spring-scala-project\backendcim\src\main\java\com\cimback\simba\repo\SummaryRepo.java. Using fallback presentation compiler.
2025.04.29 01:26:47 INFO  no build target found for C:\Users\TanmoY\Desktop\cimba\spring-scala-project\backendcim\src\main\java\com\cimback\simba\repo\SummaryRepo.java. Using fallback presentation compiler.
2025.04.29 01:26:47 INFO  no build target found for C:\Users\TanmoY\Desktop\cimba\spring-scala-project\backendcim\src\main\java\com\cimback\simba\repo\SummaryRepo.java. Using fallback presentation compiler.
2025.04.29 01:27:00 INFO  no build target found for C:\Users\TanmoY\Desktop\cimba\spring-scala-project\backendcim\src\main\java\com\cimback\simba\repo\SummaryRepo.java. Using fallback presentation compiler.
2025.04.29 01:27:00 INFO  no build target found for C:\Users\TanmoY\Desktop\cimba\spring-scala-project\backendcim\src\main\java\com\cimback\simba\repo\SummaryRepo.java. Using fallback presentation compiler.
2025.04.29 01:27:15 INFO  no build target found for C:\Users\TanmoY\Desktop\cimba\spring-scala-project\backendcim\src\main\java\com\cimback\simba\repo\SummaryRepo.java. Using fallback presentation compiler.
2025.04.29 01:27:25 INFO  no build target found for C:\Users\TanmoY\Desktop\cimba\spring-scala-project\backendcim\src\main\java\com\cimback\simba\repo\SummaryRepo.java. Using fallback presentation compiler.
2025.04.29 01:27:25 INFO  no build target found for C:\Users\TanmoY\Desktop\cimba\spring-scala-project\backendcim\src\main\java\com\cimback\simba\repo\SummaryRepo.java. Using fallback presentation compiler.
2025.04.29 01:27:27 INFO  no build target found for C:\Users\TanmoY\Desktop\cimba\spring-scala-project\backendcim\src\main\java\com\cimback\simba\repo\SummaryRepo.java. Using fallback presentation compiler.
2025.04.29 01:27:27 INFO  no build target found for C:\Users\TanmoY\Desktop\cimba\spring-scala-project\backendcim\src\main\java\com\cimback\simba\repo\SummaryRepo.java. Using fallback presentation compiler.
2025.04.29 01:27:27 INFO  no build target found for C:\Users\TanmoY\Desktop\cimba\spring-scala-project\backendcim\src\main\java\com\cimback\simba\model\Summary.java. Using fallback presentation compiler.
2025.04.29 01:27:28 WARN  no build target for: C:\Users\TanmoY\Desktop\cimba\spring-scala-project\backendcim\src\main\java\com\cimback\simba\model\Summary.java
2025.04.29 01:27:28 INFO  no build target found for C:\Users\TanmoY\Desktop\cimba\spring-scala-project\backendcim\src\main\java\com\cimback\simba\model\Summary.java. Using fallback presentation compiler.
2025.04.29 01:27:28 INFO  no build target found for C:\Users\TanmoY\Desktop\cimba\spring-scala-project\backendcim\src\main\java\com\cimback\simba\model\Summary.java. Using fallback presentation compiler.
2025.04.29 01:27:28 INFO  no build target found for C:\Users\TanmoY\Desktop\cimba\spring-scala-project\backendcim\src\main\java\com\cimback\simba\model\Summary.java. Using fallback presentation compiler.
2025.04.29 01:27:30 INFO  no build target found for C:\Users\TanmoY\Desktop\cimba\spring-scala-project\backendcim\src\main\java\com\cimback\simba\model\Summary.java. Using fallback presentation compiler.
2025.04.29 01:27:35 INFO  no build target found for C:\Users\TanmoY\Desktop\cimba\spring-scala-project\backendcim\src\main\java\com\cimback\simba\model\Summary.java. Using fallback presentation compiler.
2025.04.29 01:27:35 INFO  no build target found for C:\Users\TanmoY\Desktop\cimba\spring-scala-project\backendcim\src\main\java\com\cimback\simba\model\Summary.java. Using fallback presentation compiler.
2025.04.29 01:27:36 INFO  no build target found for C:\Users\TanmoY\Desktop\cimba\spring-scala-project\backendcim\src\main\java\com\cimback\simba\model\Summary.java. Using fallback presentation compiler.
2025.04.29 01:27:36 INFO  no build target found for C:\Users\TanmoY\Desktop\cimba\spring-scala-project\backendcim\src\main\java\com\cimback\simba\model\Summary.java. Using fallback presentation compiler.
2025.04.29 01:27:37 INFO  no build target found for C:\Users\TanmoY\Desktop\cimba\spring-scala-project\backendcim\src\main\java\com\cimback\simba\model\Summary.java. Using fallback presentation compiler.
2025.04.29 01:27:37 INFO  no build target found for C:\Users\TanmoY\Desktop\cimba\spring-scala-project\backendcim\src\main\java\com\cimback\simba\model\Summary.java. Using fallback presentation compiler.
2025.04.29 01:27:38 INFO  no build target found for C:\Users\TanmoY\Desktop\cimba\spring-scala-project\backendcim\src\main\java\com\cimback\simba\model\Summary.java. Using fallback presentation compiler.
2025.04.29 01:27:38 INFO  no build target found for C:\Users\TanmoY\Desktop\cimba\spring-scala-project\backendcim\src\main\java\com\cimback\simba\model\Summary.java. Using fallback presentation compiler.
2025.04.29 01:27:39 INFO  no build target found for C:\Users\TanmoY\Desktop\cimba\spring-scala-project\backendcim\src\main\java\com\cimback\simba\model\Summary.java. Using fallback presentation compiler.
2025.04.29 01:27:39 INFO  no build target found for C:\Users\TanmoY\Desktop\cimba\spring-scala-project\backendcim\src\main\java\com\cimback\simba\model\Summary.java. Using fallback presentation compiler.
2025.04.29 01:27:41 INFO  no build target found for C:\Users\TanmoY\Desktop\cimba\spring-scala-project\backendcim\src\main\java\com\cimback\simba\model\Summary.java. Using fallback presentation compiler.
2025.04.29 01:27:41 INFO  no build target found for C:\Users\TanmoY\Desktop\cimba\spring-scala-project\backendcim\src\main\java\com\cimback\simba\model\Summary.java. Using fallback presentation compiler.
2025.04.29 01:27:41 INFO  no build target found for C:\Users\TanmoY\Desktop\cimba\spring-scala-project\backendcim\src\main\java\com\cimback\simba\model\User.java. Using fallback presentation compiler.
2025.04.29 01:27:41 WARN  no build target for: C:\Users\TanmoY\Desktop\cimba\spring-scala-project\backendcim\src\main\java\com\cimback\simba\model\User.java
2025.04.29 01:27:41 INFO  no build target found for C:\Users\TanmoY\Desktop\cimba\spring-scala-project\backendcim\src\main\java\com\cimback\simba\model\User.java. Using fallback presentation compiler.
2025.04.29 01:27:41 INFO  no build target found for C:\Users\TanmoY\Desktop\cimba\spring-scala-project\backendcim\src\main\java\com\cimback\simba\model\User.java. Using fallback presentation compiler.
2025.04.29 01:27:49 INFO  no build target found for C:\Users\TanmoY\Desktop\cimba\spring-scala-project\backendcim\src\main\java\com\cimback\simba\model\User.java. Using fallback presentation compiler.
2025.04.29 01:27:49 INFO  no build target found for C:\Users\TanmoY\Desktop\cimba\spring-scala-project\backendcim\src\main\java\com\cimback\simba\model\User.java. Using fallback presentation compiler.
2025.04.29 01:27:53 INFO  no build target found for C:\Users\TanmoY\Desktop\cimba\spring-scala-project\backendcim\src\main\java\com\cimback\simba\model\User.java. Using fallback presentation compiler.
2025.04.29 01:28:00 INFO  no build target found for C:\Users\TanmoY\Desktop\cimba\spring-scala-project\backendcim\src\main\java\com\cimback\simba\model\User.java. Using fallback presentation compiler.
2025.04.29 01:28:13 INFO  no build target found for C:\Users\TanmoY\Desktop\cimba\spring-scala-project\backendcim\src\main\java\com\cimback\simba\model\User.java. Using fallback presentation compiler.
2025.04.29 01:28:13 INFO  no build target found for C:\Users\TanmoY\Desktop\cimba\spring-scala-project\backendcim\src\main\java\com\cimback\simba\model\User.java. Using fallback presentation compiler.
2025.04.29 01:28:16 INFO  no build target found for C:\Users\TanmoY\Desktop\cimba\spring-scala-project\backendcim\src\main\java\com\cimback\simba\model\User.java. Using fallback presentation compiler.
2025.04.29 01:28:16 INFO  no build target found for C:\Users\TanmoY\Desktop\cimba\spring-scala-project\backendcim\src\main\java\com\cimback\simba\model\User.java. Using fallback presentation compiler.
2025.04.29 01:28:16 INFO  no build target found for C:\Users\TanmoY\Desktop\cimba\spring-scala-project\backendcim\src\main\java\com\cimback\simba\model\User.java. Using fallback presentation compiler.
2025.04.29 01:28:17 INFO  no build target found for C:\Users\TanmoY\Desktop\cimba\spring-scala-project\backendcim\src\main\java\com\cimback\simba\model\User.java. Using fallback presentation compiler.
2025.04.29 01:28:25 INFO  no build target found for C:\Users\TanmoY\Desktop\cimba\spring-scala-project\backendcim\src\main\java\com\cimback\simba\model\User.java. Using fallback presentation compiler.
2025.04.29 01:28:26 INFO  no build target found for C:\Users\TanmoY\Desktop\cimba\spring-scala-project\backendcim\src\main\java\com\cimback\simba\model\User.java. Using fallback presentation compiler.
2025.04.29 01:30:31 INFO  no build target found for C:\Users\TanmoY\Desktop\cimba\spring-scala-project\backendcim\src\main\java\com\cimback\simba\controller\UserController.java. Using fallback presentation compiler.
2025.04.29 01:30:31 WARN  no build target for: C:\Users\TanmoY\Desktop\cimba\spring-scala-project\backendcim\src\main\java\com\cimback\simba\controller\UserController.java
2025.04.29 01:30:32 INFO  no build target found for C:\Users\TanmoY\Desktop\cimba\spring-scala-project\backendcim\src\main\java\com\cimback\simba\controller\UserController.java. Using fallback presentation compiler.
2025.04.29 01:30:31 INFO  no build target found for C:\Users\TanmoY\Desktop\cimba\spring-scala-project\backendcim\src\main\java\com\cimback\simba\controller\UserController.java. Using fallback presentation compiler.
2025.04.29 01:30:33 INFO  no build target found for C:\Users\TanmoY\Desktop\cimba\spring-scala-project\backendcim\src\main\java\com\cimback\simba\controller\UserController.java. Using fallback presentation compiler.
2025.04.29 01:30:33 INFO  no build target found for C:\Users\TanmoY\Desktop\cimba\spring-scala-project\backendcim\src\main\java\com\cimback\simba\controller\UserController.java. Using fallback presentation compiler.
2025.04.29 01:30:34 INFO  no build target found for C:\Users\TanmoY\Desktop\cimba\spring-scala-project\backendcim\src\main\java\com\cimback\simba\controller\UserController.java. Using fallback presentation compiler.
2025.04.29 01:30:34 INFO  no build target found for C:\Users\TanmoY\Desktop\cimba\spring-scala-project\backendcim\src\main\java\com\cimback\simba\controller\UserController.java. Using fallback presentation compiler.
2025.04.29 01:30:35 INFO  no build target found for C:\Users\TanmoY\Desktop\cimba\spring-scala-project\backendcim\src\main\java\com\cimback\simba\controller\UserController.java. Using fallback presentation compiler.
2025.04.29 01:30:35 INFO  no build target found for C:\Users\TanmoY\Desktop\cimba\spring-scala-project\backendcim\src\main\java\com\cimback\simba\controller\UserController.java. Using fallback presentation compiler.
2025.04.29 01:30:38 INFO  no build target found for C:\Users\TanmoY\Desktop\cimba\spring-scala-project\backendcim\src\main\java\com\cimback\simba\controller\UserController.java. Using fallback presentation compiler.
2025.04.29 01:30:43 INFO  no build target found for C:\Users\TanmoY\Desktop\cimba\spring-scala-project\backendcim\src\main\java\com\cimback\simba\controller\UserController.java. Using fallback presentation compiler.
Apr 29, 2025 1:30:43 AM org.eclipse.lsp4j.jsonrpc.RemoteEndpoint handleCancellation
WARNING: Unmatched cancel notification for request id 662
2025.04.29 01:30:43 INFO  no build target found for C:\Users\TanmoY\Desktop\cimba\spring-scala-project\backendcim\src\main\java\com\cimback\simba\controller\UserController.java. Using fallback presentation compiler.
2025.04.29 01:30:43 INFO  no build target found for C:\Users\TanmoY\Desktop\cimba\spring-scala-project\backendcim\src\main\java\com\cimback\simba\controller\UserController.java. Using fallback presentation compiler.
2025.04.29 01:30:46 INFO  no build target found for C:\Users\TanmoY\Desktop\cimba\spring-scala-project\backendcim\src\main\java\com\cimback\simba\controller\UserController.java. Using fallback presentation compiler.
2025.04.29 01:30:46 INFO  no build target found for C:\Users\TanmoY\Desktop\cimba\spring-scala-project\backendcim\src\main\java\com\cimback\simba\controller\UserController.java. Using fallback presentation compiler.
2025.04.29 01:30:46 INFO  no build target found for C:\Users\TanmoY\Desktop\cimba\spring-scala-project\backendcim\src\main\java\com\cimback\simba\controller\UserController.java. Using fallback presentation compiler.
2025.04.29 01:30:46 INFO  no build target found for C:\Users\TanmoY\Desktop\cimba\spring-scala-project\backendcim\src\main\java\com\cimback\simba\controller\UserController.java. Using fallback presentation compiler.
2025.04.29 01:30:46 INFO  no build target found for C:\Users\TanmoY\Desktop\cimba\spring-scala-project\backendcim\src\main\java\com\cimback\simba\controller\UserController.java. Using fallback presentation compiler.
2025.04.29 01:30:47 INFO  no build target found for C:\Users\TanmoY\Desktop\cimba\spring-scala-project\backendcim\src\main\java\com\cimback\simba\controller\UserController.java. Using fallback presentation compiler.
2025.04.29 01:30:47 WARN  no build target for: C:\Users\TanmoY\Desktop\cimba\spring-scala-project\backendcim\src\main\java\com\cimback\simba\controller\UserController.java
2025.04.29 01:30:47 INFO  no build target found for C:\Users\TanmoY\Desktop\cimba\spring-scala-project\backendcim\src\main\java\com\cimback\simba\controller\UserController.java. Using fallback presentation compiler.
2025.04.29 01:30:48 INFO  no build target found for C:\Users\TanmoY\Desktop\cimba\spring-scala-project\backendcim\src\main\java\com\cimback\simba\controller\UserController.java. Using fallback presentation compiler.
2025.04.29 01:30:48 INFO  no build target found for C:\Users\TanmoY\Desktop\cimba\spring-scala-project\backendcim\src\main\java\com\cimback\simba\controller\UserController.java. Using fallback presentation compiler.
2025.04.29 01:30:48 INFO  no build target found for C:\Users\TanmoY\Desktop\cimba\spring-scala-project\backendcim\src\main\java\com\cimback\simba\controller\UserController.java. Using fallback presentation compiler.
2025.04.29 01:30:55 WARN  no build target for: C:\Users\TanmoY\Desktop\cimba\spring-scala-project\backendcim\src\main\java\com\cimback\simba\controller\UserController.java
2025.04.29 01:30:55 INFO  no build target found for C:\Users\TanmoY\Desktop\cimba\spring-scala-project\backendcim\src\main\java\com\cimback\simba\controller\UserController.java. Using fallback presentation compiler.
2025.04.29 01:30:57 INFO  no build target found for C:\Users\TanmoY\Desktop\cimba\spring-scala-project\backendcim\src\main\java\com\cimback\simba\controller\UserController.java. Using fallback presentation compiler.
2025.04.29 01:52:13 INFO  Shutting down server
2025.04.29 01:52:13 INFO  shutting down Metals
